{"meta": {"format": 3, "version": "7.13.4", "timestamp": "2026-03-11T16:29:43.103743", "branch_coverage": false, "show_contexts": false}, "files": {"src\\__init__.py": {"executed_lines": [], "summary": {"covered_lines": 0, "num_statements": 0, "percent_covered": 100.0, "percent_covered_display": "100", "missing_lines": 0, "excluded_lines": 0, "percent_statements_covered": 100.0, "percent_statements_covered_display": "100"}, "missing_lines": [], "excluded_lines": [], "functions": {"": {"executed_lines": [], "summary": {"covered_lines": 0, "num_statements": 0, "percent_covered": 100.0, "percent_covered_display": "100", "missing_lines": 0, "excluded_lines": 0, "percent_statements_covered": 100.0, "percent_statements_covered_display": "100"}, "missing_lines": [], "excluded_lines": [], "start_line": 1}}, "classes": {"": {"executed_lines": [], "summary": {"covered_lines": 0, "num_statements": 0, "percent_covered": 100.0, "percent_covered_display": "100", "missing_lines": 0, "excluded_lines": 0, "percent_statements_covered": 100.0, "percent_statements_covered_display": "100"}, "missing_lines": [], "excluded_lines": [], "start_line": 1}}}, "src\\backtest\\__init__.py": {"executed_lines": [], "summary": {"covered_lines": 0, "num_statements": 0, "percent_covered": 100.0, "percent_covered_display": "100", "missing_lines": 0, "excluded_lines": 0, "percent_statements_covered": 100.0, "percent_statements_covered_display": "100"}, "missing_lines": [], "excluded_lines": [], "functions": {"": {"executed_lines": [], "summary": {"covered_lines": 0, "num_statements": 0, "percent_covered": 100.0, "percent_covered_display": "100", "missing_lines": 0, "excluded_lines": 0, "percent_statements_covered": 100.0, "percent_statements_covered_display": "100"}, "missing_lines": [], "excluded_lines": [], "start_line": 1}}, "classes": {"": {"executed_lines": [], "summary": {"covered_lines": 0, "num_statements": 0, "percent_covered": 100.0, "percent_covered_display": "100", "missing_lines": 0, "excluded_lines": 0, "percent_statements_covered": 100.0, "percent_statements_covered_display": "100"}, "missing_lines": [], "excluded_lines": [], "start_line": 1}}}, "src\\backtest\\backtest_engine.py": {"executed_lines": [3, 4, 5, 6, 7, 9, 11, 12, 14, 17, 23, 24, 25, 26, 27, 28, 29, 30, 31, 33, 44, 45, 46, 47, 48, 49, 51, 55, 59, 60, 63, 64, 65, 67, 73, 74, 77, 84, 88, 95, 97], "summary": {"covered_lines": 41, "num_statements": 47, "percent_covered": 87.23404255319149, "percent_covered_display": "87", "missing_lines": 6, "excluded_lines": 0, "percent_statements_covered": 87.23404255319149, "percent_statements_covered_display": "87"}, "missing_lines": [56, 57, 68, 71, 101, 102], "excluded_lines": [], "functions": {"BacktestEngine.__init__": {"executed_lines": [24, 25, 26, 27, 28, 29, 30, 31], "summary": {"covered_lines": 8, "num_statements": 8, "percent_covered": 100.0, "percent_covered_display": "100", "missing_lines": 0, "excluded_lines": 0, "percent_statements_covered": 100.0, "percent_statements_covered_display": "100"}, "missing_lines": [], "excluded_lines": [], "start_line": 23}, "BacktestEngine.setup": {"executed_lines": [44, 45, 46, 47, 48, 49], "summary": {"covered_lines": 6, "num_statements": 6, "percent_covered": 100.0, "percent_covered_display": "100", "missing_lines": 0, "excluded_lines": 0, "percent_statements_covered": 100.0, "percent_statements_covered_display": "100"}, "missing_lines": [], "excluded_lines": [], "start_line": 33}, "BacktestEngine.run": {"executed_lines": [55, 59, 60, 63, 64, 65, 67, 73, 74, 77, 84, 88, 95, 97], "summary": {"covered_lines": 14, "num_statements": 20, "percent_covered": 70.0, "percent_covered_display": "70", "missing_lines": 6, "excluded_lines": 0, "percent_statements_covered": 70.0, "percent_statements_covered_display": "70"}, "missing_lines": [56, 57, 68, 71, 101, 102], "excluded_lines": [], "start_line": 51}, "": {"executed_lines": [3, 4, 5, 6, 7, 9, 11, 12, 14, 17, 23, 33, 51], "summary": {"covered_lines": 13, "num_statements": 13, "percent_covered": 100.0, "percent_covered_display": "100", "missing_lines": 0, "excluded_lines": 0, "percent_statements_covered": 100.0, "percent_statements_covered_display": "100"}, "missing_lines": [], "excluded_lines": [], "start_line": 1}}, "classes": {"BacktestEngine": {"executed_lines": [24, 25, 26, 27, 28, 29, 30, 31, 44, 45, 46, 47, 48, 49, 55, 59, 60, 63, 64, 65, 67, 73, 74, 77, 84, 88, 95, 97], "summary": {"covered_lines": 28, "num_statements": 34, "percent_covered": 82.3529411764706, "percent_covered_display": "82", "missing_lines": 6, "excluded_lines": 0, "percent_statements_covered": 82.3529411764706, "percent_statements_covered_display": "82"}, "missing_lines": [56, 57, 68, 71, 101, 102], "excluded_lines": [], "start_line": 17}, "": {"executed_lines": [3, 4, 5, 6, 7, 9, 11, 12, 14, 17, 23, 33, 51], "summary": {"covered_lines": 13, "num_statements": 13, "percent_covered": 100.0, "percent_covered_display": "100", "missing_lines": 0, "excluded_lines": 0, "percent_statements_covered": 100.0, "percent_statements_covered_display": "100"}, "missing_lines": [], "excluded_lines": [], "start_line": 1}}}, "src\\backtest\\data\\__init__.py": {"executed_lines": [], "summary": {"covered_lines": 0, "num_statements": 0, "percent_covered": 100.0, "percent_covered_display": "100", "missing_lines": 0, "excluded_lines": 0, "percent_statements_covered": 100.0, "percent_statements_covered_display": "100"}, "missing_lines": [], "excluded_lines": [], "functions": {"": {"executed_lines": [], "summary": {"covered_lines": 0, "num_statements": 0, "percent_covered": 100.0, "percent_covered_display": "100", "missing_lines": 0, "excluded_lines": 0, "percent_statements_covered": 100.0, "percent_statements_covered_display": "100"}, "missing_lines": [], "excluded_lines": [], "start_line": 1}}, "classes": {"": {"executed_lines": [], "summary": {"covered_lines": 0, "num_statements": 0, "percent_covered": 100.0, "percent_covered_display": "100", "missing_lines": 0, "excluded_lines": 0, "percent_statements_covered": 100.0, "percent_statements_covered_display": "100"}, "missing_lines": [], "excluded_lines": [], "start_line": 1}}}, "src\\backtest\\data\\backfill_cache\\__init__.py": {"executed_lines": [], "summary": {"covered_lines": 0, "num_statements": 0, "percent_covered": 100.0, "percent_covered_display": "100", "missing_lines": 0, "excluded_lines": 0, "percent_statements_covered": 100.0, "percent_statements_covered_display": "100"}, "missing_lines": [], "excluded_lines": [], "functions": {"": {"executed_lines": [], "summary": {"covered_lines": 0, "num_statements": 0, "percent_covered": 100.0, "percent_covered_display": "100", "missing_lines": 0, "excluded_lines": 0, "percent_statements_covered": 100.0, "percent_statements_covered_display": "100"}, "missing_lines": [], "excluded_lines": [], "start_line": 1}}, "classes": {"": {"executed_lines": [], "summary": {"covered_lines": 0, "num_statements": 0, "percent_covered": 100.0, "percent_covered_display": "100", "missing_lines": 0, "excluded_lines": 0, "percent_statements_covered": 100.0, "percent_statements_covered_display": "100"}, "missing_lines": [], "excluded_lines": [], "start_line": 1}}}, "src\\backtest\\executor.py": {"executed_lines": [1, 2, 3, 5, 8, 14, 21, 22, 23, 24, 27, 28, 29, 30, 32, 37, 43, 44, 45, 46, 49, 51, 52, 54, 56, 60, 62, 64, 66, 68, 69, 73, 74, 76, 82, 84, 88, 89, 91, 104, 105, 106, 107, 108, 109, 114, 115, 121, 122, 125, 126, 133, 134, 137, 138, 139, 142, 143, 145, 146, 148, 149, 152, 153, 157, 160, 161, 165, 167, 170, 172, 176, 178, 179, 180, 182, 183, 185, 198, 204, 216, 217], "summary": {"covered_lines": 82, "num_statements": 95, "percent_covered": 86.3157894736842, "percent_covered_display": "86", "missing_lines": 13, "excluded_lines": 0, "percent_statements_covered": 86.3157894736842, "percent_statements_covered_display": "86"}, "missing_lines": [47, 110, 111, 112, 116, 119, 123, 127, 130, 140, 141, 168, 173], "excluded_lines": [], "functions": {"BacktestExecutor.__init__": {"executed_lines": [21, 22, 23, 24, 27, 28, 29, 30, 32], "summary": {"covered_lines": 9, "num_statements": 9, "percent_covered": 100.0, "percent_covered_display": "100", "missing_lines": 0, "excluded_lines": 0, "percent_statements_covered": 100.0, "percent_statements_covered_display": "100"}, "missing_lines": [], "excluded_lines": [], "start_line": 14}, "BacktestExecutor._apply_slippage": {"executed_lines": [43, 44, 45, 46], "summary": {"covered_lines": 4, "num_statements": 5, "percent_covered": 80.0, "percent_covered_display": "80", "missing_lines": 1, "excluded_lines": 0, "percent_statements_covered": 80.0, "percent_statements_covered_display": "80"}, "missing_lines": [47], "excluded_lines": [], "start_line": 37}, "BacktestExecutor.update_price": {"executed_lines": [51, 52], "summary": {"covered_lines": 2, "num_statements": 2, "percent_covered": 100.0, "percent_covered_display": "100", "missing_lines": 0, "excluded_lines": 0, "percent_statements_covered": 100.0, "percent_statements_covered_display": "100"}, "missing_lines": [], "excluded_lines": [], "start_line": 49}, "BacktestExecutor.get_port_notional": {"executed_lines": [56, 60], "summary": {"covered_lines": 2, "num_statements": 2, "percent_covered": 100.0, "percent_covered_display": "100", "missing_lines": 0, "excluded_lines": 0, "percent_statements_covered": 100.0, "percent_statements_covered_display": "100"}, "missing_lines": [], "excluded_lines": [], "start_line": 54}, "BacktestExecutor.get_position_value": {"executed_lines": [64], "summary": {"covered_lines": 1, "num_statements": 1, "percent_covered": 100.0, "percent_covered_display": "100", "missing_lines": 0, "excluded_lines": 0, "percent_statements_covered": 100.0, "percent_statements_covered_display": "100"}, "missing_lines": [], "excluded_lines": [], "start_line": 62}, "BacktestExecutor.get_data_feeds": {"executed_lines": [68, 69, 73, 74, 76], "summary": {"covered_lines": 5, "num_statements": 5, "percent_covered": 100.0, "percent_covered_display": "100", "missing_lines": 0, "excluded_lines": 0, "percent_statements_covered": 100.0, "percent_statements_covered_display": "100"}, "missing_lines": [], "excluded_lines": [], "start_line": 66}, "BacktestExecutor._calculate_buying_power": {"executed_lines": [84, 88, 89], "summary": {"covered_lines": 3, "num_statements": 3, "percent_covered": 100.0, "percent_covered_display": "100", "missing_lines": 0, "excluded_lines": 0, "percent_statements_covered": 100.0, "percent_statements_covered_display": "100"}, "missing_lines": [], "excluded_lines": [], "start_line": 82}, "BacktestExecutor.execute_trade": {"executed_lines": [104, 105, 106, 107, 108, 109, 114, 115, 121, 122, 125, 126, 133, 134, 137, 138, 139, 142, 143, 145, 146, 148, 149, 152, 153, 157, 160, 161, 165, 167, 170, 172, 176, 178, 179, 180, 182, 183, 185, 198], "summary": {"covered_lines": 40, "num_statements": 52, "percent_covered": 76.92307692307692, "percent_covered_display": "77", "missing_lines": 12, "excluded_lines": 0, "percent_statements_covered": 76.92307692307692, "percent_statements_covered_display": "77"}, "missing_lines": [110, 111, 112, 116, 119, 123, 127, 130, 140, 141, 168, 173], "excluded_lines": [], "start_line": 91}, "BacktestExecutor.dump_trade_log": {"executed_lines": [216, 217], "summary": {"covered_lines": 2, "num_statements": 2, "percent_covered": 100.0, "percent_covered_display": "100", "missing_lines": 0, "excluded_lines": 0, "percent_statements_covered": 100.0, "percent_statements_covered_display": "100"}, "missing_lines": [], "excluded_lines": [], "start_line": 204}, "": {"executed_lines": [1, 2, 3, 5, 8, 14, 37, 49, 54, 62, 66, 82, 91, 204], "summary": {"covered_lines": 14, "num_statements": 14, "percent_covered": 100.0, "percent_covered_display": "100", "missing_lines": 0, "excluded_lines": 0, "percent_statements_covered": 100.0, "percent_statements_covered_display": "100"}, "missing_lines": [], "excluded_lines": [], "start_line": 1}}, "classes": {"BacktestExecutor": {"executed_lines": [21, 22, 23, 24, 27, 28, 29, 30, 32, 43, 44, 45, 46, 51, 52, 56, 60, 64, 68, 69, 73, 74, 76, 84, 88, 89, 104, 105, 106, 107, 108, 109, 114, 115, 121, 122, 125, 126, 133, 134, 137, 138, 139, 142, 143, 145, 146, 148, 149, 152, 153, 157, 160, 161, 165, 167, 170, 172, 176, 178, 179, 180, 182, 183, 185, 198, 216, 217], "summary": {"covered_lines": 68, "num_statements": 81, "percent_covered": 83.95061728395062, "percent_covered_display": "84", "missing_lines": 13, "excluded_lines": 0, "percent_statements_covered": 83.95061728395062, "percent_statements_covered_display": "84"}, "missing_lines": [47, 110, 111, 112, 116, 119, 123, 127, 130, 140, 141, 168, 173], "excluded_lines": [], "start_line": 8}, "": {"executed_lines": [1, 2, 3, 5, 8, 14, 37, 49, 54, 62, 66, 82, 91, 204], "summary": {"covered_lines": 14, "num_statements": 14, "percent_covered": 100.0, "percent_covered_display": "100", "missing_lines": 0, "excluded_lines": 0, "percent_statements_covered": 100.0, "percent_statements_covered_display": "100"}, "missing_lines": [], "excluded_lines": [], "start_line": 1}}}, "src\\backtest\\reporting.py": {"executed_lines": [1, 2, 3, 4, 6, 7, 9, 11, 16, 18, 20, 21, 24, 25, 26, 27, 30, 32, 34, 35, 36, 37, 39, 40, 42, 44, 45, 46, 48, 49, 50, 53, 55, 57, 58, 59, 60, 70, 76, 85, 88, 91, 93, 102, 103, 105, 110, 114, 118, 120, 121, 123, 124, 126, 127, 128, 129, 131, 132, 134, 135, 139, 140, 141, 143, 146, 155, 158, 161, 163, 164, 167, 168, 169, 170, 171, 172, 174, 177, 180, 183, 188, 190, 193, 197, 203, 210, 211, 212, 213, 214, 217, 220, 221, 222, 223, 224, 225, 226, 229, 231, 232, 233, 234, 235, 238, 244, 245, 247, 248, 250, 251, 252, 253, 256, 269, 276, 279, 282, 283, 285, 288, 291, 293, 294, 295, 299, 302, 308, 311, 314, 315, 317, 320, 321, 324, 325, 327, 330, 332, 335, 347, 349, 358, 367, 368, 369, 372, 373, 376, 377, 380, 381, 382, 383, 384, 385, 386, 396, 397, 398, 399, 400, 409, 414, 415, 418, 419, 420, 421, 424, 429, 430, 436, 437, 447, 448, 453, 454, 464, 465, 466, 467, 468, 469, 470, 473, 474, 475, 483, 484, 487, 488, 492, 500, 503, 506, 510, 513, 514, 517, 522], "summary": {"covered_lines": 202, "num_statements": 239, "percent_covered": 84.51882845188284, "percent_covered_display": "85", "missing_lines": 37, "excluded_lines": 0, "percent_statements_covered": 84.51882845188284, "percent_statements_covered_display": "85"}, "missing_lines": [19, 22, 23, 33, 43, 47, 56, 86, 94, 95, 96, 97, 98, 99, 100, 156, 262, 263, 277, 286, 309, 318, 333, 370, 371, 402, 405, 406, 441, 442, 458, 459, 476, 479, 480, 519, 520], "excluded_lines": [], "functions": {"_compute_max_drawdown": {"executed_lines": [18, 20, 21, 24, 25, 26, 27], "summary": {"covered_lines": 7, "num_statements": 10, "percent_covered": 70.0, "percent_covered_display": "70", "missing_lines": 3, "excluded_lines": 0, "percent_statements_covered": 70.0, "percent_statements_covered_display": "70"}, "missing_lines": [19, 22, 23], "excluded_lines": [], "start_line": 16}, "_compute_sharpe_ratio": {"executed_lines": [32, 34, 35, 36, 37, 39, 40, 42, 44, 45, 46, 48, 49, 50], "summary": {"covered_lines": 14, "num_statements": 17, "percent_covered": 82.3529411764706, "percent_covered_display": "82", "missing_lines": 3, "excluded_lines": 0, "percent_statements_covered": 82.3529411764706, "percent_statements_covered_display": "82"}, "missing_lines": [33, 43, 47], "excluded_lines": [], "start_line": 30}, "aggregate_final_metrics": {"executed_lines": [55, 57, 58, 59, 60, 70], "summary": {"covered_lines": 6, "num_statements": 7, "percent_covered": 85.71428571428571, "percent_covered_display": "86", "missing_lines": 1, "excluded_lines": 0, "percent_statements_covered": 85.71428571428571, "percent_statements_covered_display": "86"}, "missing_lines": [56], "excluded_lines": [], "start_line": 53}, "_generate_minute_by_minute_performance": {"executed_lines": [85, 88, 91, 93, 102, 103, 105, 110, 114, 118, 120, 121, 123, 124, 126, 127, 128, 129, 131, 132, 134, 135, 139, 140, 141, 143], "summary": {"covered_lines": 26, "num_statements": 34, "percent_covered": 76.47058823529412, "percent_covered_display": "76", "missing_lines": 8, "excluded_lines": 0, "percent_statements_covered": 76.47058823529412, "percent_statements_covered_display": "76"}, "missing_lines": [86, 94, 95, 96, 97, 98, 99, 100], "excluded_lines": [], "start_line": 76}, "_generate_buy_and_hold_benchmark": {"executed_lines": [155, 158, 161, 163, 164, 167, 168, 169, 170, 171, 172, 174, 177, 180, 183, 188, 190, 193, 197], "summary": {"covered_lines": 19, "num_statements": 20, "percent_covered": 95.0, "percent_covered_display": "95", "missing_lines": 1, "excluded_lines": 0, "percent_statements_covered": 95.0, "percent_statements_covered_display": "95"}, "missing_lines": [156], "excluded_lines": [], "start_line": 146}, "_compute_rolling_stats": {"executed_lines": [210, 211, 212, 213, 214, 217, 220, 221, 222, 223, 224, 225, 226], "summary": {"covered_lines": 13, "num_statements": 13, "percent_covered": 100.0, "percent_covered_display": "100", "missing_lines": 0, "excluded_lines": 0, "percent_statements_covered": 100.0, "percent_statements_covered_display": "100"}, "missing_lines": [], "excluded_lines": [], "start_line": 203}, "_summarize_rolling_dataframe": {"executed_lines": [231, 232, 233, 234, 235], "summary": {"covered_lines": 5, "num_statements": 5, "percent_covered": 100.0, "percent_covered_display": "100", "missing_lines": 0, "excluded_lines": 0, "percent_statements_covered": 100.0, "percent_statements_covered_display": "100"}, "missing_lines": [], "excluded_lines": [], "start_line": 229}, "_compute_monthly_returns": {"executed_lines": [244, 245, 247, 248, 250, 251, 252, 253], "summary": {"covered_lines": 8, "num_statements": 8, "percent_covered": 100.0, "percent_covered_display": "100", "missing_lines": 0, "excluded_lines": 0, "percent_statements_covered": 100.0, "percent_statements_covered_display": "100"}, "missing_lines": [], "excluded_lines": [], "start_line": 238}, "_compute_return_correlations": {"executed_lines": [], "summary": {"covered_lines": 0, "num_statements": 2, "percent_covered": 0.0, "percent_covered_display": "0", "missing_lines": 2, "excluded_lines": 0, "percent_statements_covered": 0.0, "percent_statements_covered_display": "0"}, "missing_lines": [262, 263], "excluded_lines": [], "start_line": 256}, "_calculate_portfolio_risk_components": {"executed_lines": [276, 279, 282, 283, 285, 288, 291, 293, 294, 295, 299], "summary": {"covered_lines": 11, "num_statements": 13, "percent_covered": 84.61538461538461, "percent_covered_display": "85", "missing_lines": 2, "excluded_lines": 0, "percent_statements_covered": 84.61538461538461, "percent_statements_covered_display": "85"}, "missing_lines": [277, 286], "excluded_lines": [], "start_line": 269}, "_calculate_rolling_portfolio_risk": {"executed_lines": [308, 311, 314, 315, 317, 320, 321, 324, 325, 327, 330, 332, 335, 347, 349], "summary": {"covered_lines": 15, "num_statements": 18, "percent_covered": 83.33333333333333, "percent_covered_display": "83", "missing_lines": 3, "excluded_lines": 0, "percent_statements_covered": 83.33333333333333, "percent_statements_covered_display": "83"}, "missing_lines": [309, 318, 333], "excluded_lines": [], "start_line": 302}, "generate_backtest_report": {"executed_lines": [367, 368, 369, 372, 373, 376, 377, 380, 381, 382, 383, 384, 385, 386, 396, 397, 398, 399, 400, 409, 414, 415, 418, 419, 420, 421, 424, 429, 430, 436, 437, 447, 448, 453, 454, 464, 465, 466, 467, 468, 469, 470, 473, 474, 475, 483, 484, 487, 488, 492, 500, 503, 506, 510, 513, 514, 517, 522], "summary": {"covered_lines": 58, "num_statements": 72, "percent_covered": 80.55555555555556, "percent_covered_display": "81", "missing_lines": 14, "excluded_lines": 0, "percent_statements_covered": 80.55555555555556, "percent_statements_covered_display": "81"}, "missing_lines": [370, 371, 402, 405, 406, 441, 442, 458, 459, 476, 479, 480, 519, 520], "excluded_lines": [], "start_line": 358}, "": {"executed_lines": [1, 2, 3, 4, 6, 7, 9, 11, 16, 30, 53, 76, 146, 203, 229, 238, 256, 269, 302, 358], "summary": {"covered_lines": 20, "num_statements": 20, "percent_covered": 100.0, "percent_covered_display": "100", "missing_lines": 0, "excluded_lines": 0, "percent_statements_covered": 100.0, "percent_statements_covered_display": "100"}, "missing_lines": [], "excluded_lines": [], "start_line": 1}}, "classes": {"": {"executed_lines": [1, 2, 3, 4, 6, 7, 9, 11, 16, 18, 20, 21, 24, 25, 26, 27, 30, 32, 34, 35, 36, 37, 39, 40, 42, 44, 45, 46, 48, 49, 50, 53, 55, 57, 58, 59, 60, 70, 76, 85, 88, 91, 93, 102, 103, 105, 110, 114, 118, 120, 121, 123, 124, 126, 127, 128, 129, 131, 132, 134, 135, 139, 140, 141, 143, 146, 155, 158, 161, 163, 164, 167, 168, 169, 170, 171, 172, 174, 177, 180, 183, 188, 190, 193, 197, 203, 210, 211, 212, 213, 214, 217, 220, 221, 222, 223, 224, 225, 226, 229, 231, 232, 233, 234, 235, 238, 244, 245, 247, 248, 250, 251, 252, 253, 256, 269, 276, 279, 282, 283, 285, 288, 291, 293, 294, 295, 299, 302, 308, 311, 314, 315, 317, 320, 321, 324, 325, 327, 330, 332, 335, 347, 349, 358, 367, 368, 369, 372, 373, 376, 377, 380, 381, 382, 383, 384, 385, 386, 396, 397, 398, 399, 400, 409, 414, 415, 418, 419, 420, 421, 424, 429, 430, 436, 437, 447, 448, 453, 454, 464, 465, 466, 467, 468, 469, 470, 473, 474, 475, 483, 484, 487, 488, 492, 500, 503, 506, 510, 513, 514, 517, 522], "summary": {"covered_lines": 202, "num_statements": 239, "percent_covered": 84.51882845188284, "percent_covered_display": "85", "missing_lines": 37, "excluded_lines": 0, "percent_statements_covered": 84.51882845188284, "percent_statements_covered_display": "85"}, "missing_lines": [19, 22, 23, 33, 43, 47, 56, 86, 94, 95, 96, 97, 98, 99, 100, 156, 262, 263, 277, 286, 309, 318, 333, 370, 371, 402, 405, 406, 441, 442, 458, 459, 476, 479, 480, 519, 520], "excluded_lines": [], "start_line": 1}}}, "src\\backtest\\runner.py": {"executed_lines": [1, 2, 3, 5, 6, 8, 10, 11, 12, 15, 18, 24, 35, 36, 37, 40, 41, 44, 47, 49, 50, 51, 53, 59, 60, 61, 63, 70, 83, 84, 85, 90, 92, 97, 103, 108, 109, 110, 112, 113, 117, 118, 122, 123, 124, 125, 126, 127, 132, 134, 139, 140, 142, 146, 150, 152, 155, 156, 157, 162, 165, 168, 171, 179, 187, 188, 189, 190, 193, 194, 198, 201, 202, 203, 208, 211, 214, 216, 220, 222, 223, 224, 225, 226, 227, 235, 236, 237, 238, 239, 241, 242, 244, 246, 249, 250, 251, 252, 253, 255, 256, 257, 258, 260, 261, 267, 268, 275, 277, 278, 279, 280, 283, 292, 294, 295, 303, 304, 306, 308, 309, 313, 314, 315, 317, 318, 335], "summary": {"covered_lines": 127, "num_statements": 179, "percent_covered": 70.94972067039106, "percent_covered_display": "71", "missing_lines": 52, "excluded_lines": 0, "percent_statements_covered": 70.94972067039106, "percent_statements_covered_display": "71"}, "missing_lines": [54, 55, 57, 71, 72, 73, 74, 75, 78, 79, 80, 81, 86, 87, 93, 94, 95, 104, 105, 119, 120, 128, 129, 130, 147, 148, 172, 175, 195, 196, 217, 230, 231, 247, 248, 265, 269, 270, 273, 281, 282, 285, 286, 289, 290, 298, 301, 310, 311, 325, 329, 330], "excluded_lines": [], "functions": {"BacktestRunner.__init__": {"executed_lines": [35, 36, 37, 40, 41, 44, 47, 49, 50, 51, 53, 59, 60, 61], "summary": {"covered_lines": 14, "num_statements": 17, "percent_covered": 82.3529411764706, "percent_covered_display": "82", "missing_lines": 3, "excluded_lines": 0, "percent_statements_covered": 82.3529411764706, "percent_statements_covered_display": "82"}, "missing_lines": [54, 55, 57], "excluded_lines": [], "start_line": 24}, "BacktestRunner._ensure_datetime": {"executed_lines": [70, 83, 84, 85, 90, 92], "summary": {"covered_lines": 6, "num_statements": 20, "percent_covered": 30.0, "percent_covered_display": "30", "missing_lines": 14, "excluded_lines": 0, "percent_statements_covered": 30.0, "percent_statements_covered_display": "30"}, "missing_lines": [71, 72, 73, 74, 75, 78, 79, 80, 81, 86, 87, 93, 94, 95], "excluded_lines": [], "start_line": 63}, "BacktestRunner._prepare_data": {"executed_lines": [103, 108, 109, 110, 112, 113, 117, 118, 122, 123, 124, 125, 126, 127], "summary": {"covered_lines": 14, "num_statements": 21, "percent_covered": 66.66666666666667, "percent_covered_display": "67", "missing_lines": 7, "excluded_lines": 0, "percent_statements_covered": 66.66666666666667, "percent_statements_covered_display": "67"}, "missing_lines": [104, 105, 119, 120, 128, 129, 130], "excluded_lines": [], "start_line": 97}, "BacktestRunner._setup_executor": {"executed_lines": [134, 139, 140], "summary": {"covered_lines": 3, "num_statements": 3, "percent_covered": 100.0, "percent_covered_display": "100", "missing_lines": 0, "excluded_lines": 0, "percent_statements_covered": 100.0, "percent_statements_covered_display": "100"}, "missing_lines": [], "excluded_lines": [], "start_line": 132}, "BacktestRunner._run_event_loop": {"executed_lines": [146, 150, 152, 155, 156, 157, 162, 165, 168, 171, 179, 187, 188, 189, 190, 193, 194, 198, 201, 202, 203, 208, 211, 214, 216, 220, 222, 223, 224, 225, 226, 227, 235, 236, 237, 238, 239, 241, 242], "summary": {"covered_lines": 39, "num_statements": 48, "percent_covered": 81.25, "percent_covered_display": "81", "missing_lines": 9, "excluded_lines": 0, "percent_statements_covered": 81.25, "percent_statements_covered_display": "81"}, "missing_lines": [147, 148, 172, 175, 195, 196, 217, 230, 231], "excluded_lines": [], "start_line": 142}, "BacktestRunner._calculate_results": {"executed_lines": [246, 249, 250, 251, 252, 253, 255, 256, 257, 258, 260, 261, 267, 268], "summary": {"covered_lines": 14, "num_statements": 20, "percent_covered": 70.0, "percent_covered_display": "70", "missing_lines": 6, "excluded_lines": 0, "percent_statements_covered": 70.0, "percent_statements_covered_display": "70"}, "missing_lines": [247, 248, 265, 269, 270, 273], "excluded_lines": [], "start_line": 244}, "BacktestRunner._restore_executor": {"executed_lines": [277, 278, 279, 280, 283], "summary": {"covered_lines": 5, "num_statements": 11, "percent_covered": 45.45454545454545, "percent_covered_display": "45", "missing_lines": 6, "excluded_lines": 0, "percent_statements_covered": 45.45454545454545, "percent_statements_covered_display": "45"}, "missing_lines": [281, 282, 285, 286, 289, 290], "excluded_lines": [], "start_line": 275}, "BacktestRunner.run": {"executed_lines": [294, 295, 303, 304, 306, 308, 309, 313, 314, 315, 317, 318, 335], "summary": {"covered_lines": 13, "num_statements": 20, "percent_covered": 65.0, "percent_covered_display": "65", "missing_lines": 7, "excluded_lines": 0, "percent_statements_covered": 65.0, "percent_statements_covered_display": "65"}, "missing_lines": [298, 301, 310, 311, 325, 329, 330], "excluded_lines": [], "start_line": 292}, "": {"executed_lines": [1, 2, 3, 5, 6, 8, 10, 11, 12, 15, 18, 24, 63, 97, 132, 142, 244, 275, 292], "summary": {"covered_lines": 19, "num_statements": 19, "percent_covered": 100.0, "percent_covered_display": "100", "missing_lines": 0, "excluded_lines": 0, "percent_statements_covered": 100.0, "percent_statements_covered_display": "100"}, "missing_lines": [], "excluded_lines": [], "start_line": 1}}, "classes": {"BacktestRunner": {"executed_lines": [35, 36, 37, 40, 41, 44, 47, 49, 50, 51, 53, 59, 60, 61, 70, 83, 84, 85, 90, 92, 103, 108, 109, 110, 112, 113, 117, 118, 122, 123, 124, 125, 126, 127, 134, 139, 140, 146, 150, 152, 155, 156, 157, 162, 165, 168, 171, 179, 187, 188, 189, 190, 193, 194, 198, 201, 202, 203, 208, 211, 214, 216, 220, 222, 223, 224, 225, 226, 227, 235, 236, 237, 238, 239, 241, 242, 246, 249, 250, 251, 252, 253, 255, 256, 257, 258, 260, 261, 267, 268, 277, 278, 279, 280, 283, 294, 295, 303, 304, 306, 308, 309, 313, 314, 315, 317, 318, 335], "summary": {"covered_lines": 108, "num_statements": 160, "percent_covered": 67.5, "percent_covered_display": "68", "missing_lines": 52, "excluded_lines": 0, "percent_statements_covered": 67.5, "percent_statements_covered_display": "68"}, "missing_lines": [54, 55, 57, 71, 72, 73, 74, 75, 78, 79, 80, 81, 86, 87, 93, 94, 95, 104, 105, 119, 120, 128, 129, 130, 147, 148, 172, 175, 195, 196, 217, 230, 231, 247, 248, 265, 269, 270, 273, 281, 282, 285, 286, 289, 290, 298, 301, 310, 311, 325, 329, 330], "excluded_lines": [], "start_line": 18}, "": {"executed_lines": [1, 2, 3, 5, 6, 8, 10, 11, 12, 15, 18, 24, 63, 97, 132, 142, 244, 275, 292], "summary": {"covered_lines": 19, "num_statements": 19, "percent_covered": 100.0, "percent_covered_display": "100", "missing_lines": 0, "excluded_lines": 0, "percent_statements_covered": 100.0, "percent_statements_covered_display": "100"}, "missing_lines": [], "excluded_lines": [], "start_line": 1}}}, "src\\backtest\\utils.py": {"executed_lines": [1, 3, 5, 8, 14, 15, 17, 23, 24, 31, 32, 37, 38, 43, 48, 49, 53, 59, 63, 66, 67, 68, 69, 74, 75, 76, 77, 80, 85, 86, 88, 89], "summary": {"covered_lines": 32, "num_statements": 45, "percent_covered": 71.11111111111111, "percent_covered_display": "71", "missing_lines": 13, "excluded_lines": 0, "percent_statements_covered": 71.11111111111111, "percent_statements_covered_display": "71"}, "missing_lines": [18, 21, 39, 40, 41, 44, 45, 46, 50, 51, 78, 81, 82], "excluded_lines": [], "functions": {"fetch_historical_data": {"executed_lines": [14, 15, 17, 23, 24, 31, 32, 37, 38, 43, 48, 49, 53, 59, 63, 66, 67, 68, 69, 74, 75, 76, 77, 80, 85, 86, 88, 89], "summary": {"covered_lines": 28, "num_statements": 41, "percent_covered": 68.29268292682927, "percent_covered_display": "68", "missing_lines": 13, "excluded_lines": 0, "percent_statements_covered": 68.29268292682927, "percent_statements_covered_display": "68"}, "missing_lines": [18, 21, 39, 40, 41, 44, 45, 46, 50, 51, 78, 81, 82], "excluded_lines": [], "start_line": 8}, "": {"executed_lines": [1, 3, 5, 8], "summary": {"covered_lines": 4, "num_statements": 4, "percent_covered": 100.0, "percent_covered_display": "100", "missing_lines": 0, "excluded_lines": 0, "percent_statements_covered": 100.0, "percent_statements_covered_display": "100"}, "missing_lines": [], "excluded_lines": [], "start_line": 1}}, "classes": {"": {"executed_lines": [1, 3, 5, 8, 14, 15, 17, 23, 24, 31, 32, 37, 38, 43, 48, 49, 53, 59, 63, 66, 67, 68, 69, 74, 75, 76, 77, 80, 85, 86, 88, 89], "summary": {"covered_lines": 32, "num_statements": 45, "percent_covered": 71.11111111111111, "percent_covered_display": "71", "missing_lines": 13, "excluded_lines": 0, "percent_statements_covered": 71.11111111111111, "percent_statements_covered_display": "71"}, "missing_lines": [18, 21, 39, 40, 41, 44, 45, 46, 50, 51, 78, 81, 82], "excluded_lines": [], "start_line": 1}}}, "src\\common\\__init__.py": {"executed_lines": [], "summary": {"covered_lines": 0, "num_statements": 0, "percent_covered": 100.0, "percent_covered_display": "100", "missing_lines": 0, "excluded_lines": 0, "percent_statements_covered": 100.0, "percent_statements_covered_display": "100"}, "missing_lines": [], "excluded_lines": [], "functions": {"": {"executed_lines": [], "summary": {"covered_lines": 0, "num_statements": 0, "percent_covered": 100.0, "percent_covered_display": "100", "missing_lines": 0, "excluded_lines": 0, "percent_statements_covered": 100.0, "percent_statements_covered_display": "100"}, "missing_lines": [], "excluded_lines": [], "start_line": 1}}, "classes": {"": {"executed_lines": [], "summary": {"covered_lines": 0, "num_statements": 0, "percent_covered": 100.0, "percent_covered_display": "100", "missing_lines": 0, "excluded_lines": 0, "percent_statements_covered": 100.0, "percent_statements_covered_display": "100"}, "missing_lines": [], "excluded_lines": [], "start_line": 1}}}, "src\\common\\auth\\__init__.py": {"executed_lines": [], "summary": {"covered_lines": 0, "num_statements": 0, "percent_covered": 100.0, "percent_covered_display": "100", "missing_lines": 0, "excluded_lines": 0, "percent_statements_covered": 100.0, "percent_statements_covered_display": "100"}, "missing_lines": [], "excluded_lines": [], "functions": {"": {"executed_lines": [], "summary": {"covered_lines": 0, "num_statements": 0, "percent_covered": 100.0, "percent_covered_display": "100", "missing_lines": 0, "excluded_lines": 0, "percent_statements_covered": 100.0, "percent_statements_covered_display": "100"}, "missing_lines": [], "excluded_lines": [], "start_line": 1}}, "classes": {"": {"executed_lines": [], "summary": {"covered_lines": 0, "num_statements": 0, "percent_covered": 100.0, "percent_covered_display": "100", "missing_lines": 0, "excluded_lines": 0, "percent_statements_covered": 100.0, "percent_statements_covered_display": "100"}, "missing_lines": [], "excluded_lines": [], "start_line": 1}}}, "src\\common\\auth\\apiAuth.py": {"executed_lines": [8, 9, 12, 14, 22, 23, 24, 25, 29, 31], "summary": {"covered_lines": 10, "num_statements": 11, "percent_covered": 90.9090909090909, "percent_covered_display": "91", "missing_lines": 1, "excluded_lines": 0, "percent_statements_covered": 90.9090909090909, "percent_statements_covered_display": "91"}, "missing_lines": [27], "excluded_lines": [], "functions": {"APIAuth.__init__": {"executed_lines": [23, 24, 25], "summary": {"covered_lines": 3, "num_statements": 4, "percent_covered": 75.0, "percent_covered_display": "75", "missing_lines": 1, "excluded_lines": 0, "percent_statements_covered": 75.0, "percent_statements_covered_display": "75"}, "missing_lines": [27], "excluded_lines": [], "start_line": 22}, "APIAuth.get_fmp_api_key": {"executed_lines": [31], "summary": {"covered_lines": 1, "num_statements": 1, "percent_covered": 100.0, "percent_covered_display": "100", "missing_lines": 0, "excluded_lines": 0, "percent_statements_covered": 100.0, "percent_statements_covered_display": "100"}, "missing_lines": [], "excluded_lines": [], "start_line": 29}, "": {"executed_lines": [8, 9, 12, 14, 22, 29], "summary": {"covered_lines": 6, "num_statements": 6, "percent_covered": 100.0, "percent_covered_display": "100", "missing_lines": 0, "excluded_lines": 0, "percent_statements_covered": 100.0, "percent_statements_covered_display": "100"}, "missing_lines": [], "excluded_lines": [], "start_line": 1}}, "classes": {"APIAuth": {"executed_lines": [23, 24, 25, 31], "summary": {"covered_lines": 4, "num_statements": 5, "percent_covered": 80.0, "percent_covered_display": "80", "missing_lines": 1, "excluded_lines": 0, "percent_statements_covered": 80.0, "percent_statements_covered_display": "80"}, "missing_lines": [27], "excluded_lines": [], "start_line": 14}, "": {"executed_lines": [8, 9, 12, 14, 22, 29], "summary": {"covered_lines": 6, "num_statements": 6, "percent_covered": 100.0, "percent_covered_display": "100", "missing_lines": 0, "excluded_lines": 0, "percent_statements_covered": 100.0, "percent_statements_covered_display": "100"}, "missing_lines": [], "excluded_lines": [], "start_line": 1}}}, "src\\common\\backfill_cache\\__init__.py": {"executed_lines": [], "summary": {"covered_lines": 0, "num_statements": 0, "percent_covered": 100.0, "percent_covered_display": "100", "missing_lines": 0, "excluded_lines": 0, "percent_statements_covered": 100.0, "percent_statements_covered_display": "100"}, "missing_lines": [], "excluded_lines": [], "functions": {"": {"executed_lines": [], "summary": {"covered_lines": 0, "num_statements": 0, "percent_covered": 100.0, "percent_covered_display": "100", "missing_lines": 0, "excluded_lines": 0, "percent_statements_covered": 100.0, "percent_statements_covered_display": "100"}, "missing_lines": [], "excluded_lines": [], "start_line": 1}}, "classes": {"": {"executed_lines": [], "summary": {"covered_lines": 0, "num_statements": 0, "percent_covered": 100.0, "percent_covered_display": "100", "missing_lines": 0, "excluded_lines": 0, "percent_statements_covered": 100.0, "percent_statements_covered_display": "100"}, "missing_lines": [], "excluded_lines": [], "start_line": 1}}}, "src\\common\\database\\MQSDBConnector.py": {"executed_lines": [1, 2, 3, 4, 5, 6, 7, 10, 13, 15, 21, 23, 24, 25, 26, 27, 28, 31, 32, 42, 47, 48, 50, 52, 53, 54, 58, 59, 60, 65, 67, 68, 69, 73, 81, 86, 87, 90, 91, 92, 93, 94, 95, 96, 107, 109, 119, 162, 176, 188], "summary": {"covered_lines": 50, "num_statements": 129, "percent_covered": 38.75968992248062, "percent_covered_display": "39", "missing_lines": 79, "excluded_lines": 0, "percent_statements_covered": 38.75968992248062, "percent_statements_covered_display": "39"}, "missing_lines": [43, 44, 45, 55, 57, 61, 62, 63, 70, 71, 75, 76, 77, 78, 79, 88, 97, 98, 99, 100, 101, 102, 103, 104, 105, 113, 114, 115, 116, 117, 124, 125, 127, 128, 129, 131, 132, 133, 134, 136, 139, 140, 143, 145, 146, 147, 149, 151, 152, 153, 154, 155, 156, 157, 159, 166, 167, 169, 170, 171, 172, 173, 174, 180, 181, 183, 184, 185, 186, 193, 194, 196, 197, 198, 199, 200, 201, 202, 203], "excluded_lines": [], "functions": {"MQSDBConnector.__init__": {"executed_lines": [23, 24, 25, 26, 27, 28, 31, 32, 42, 47, 48], "summary": {"covered_lines": 11, "num_statements": 14, "percent_covered": 78.57142857142857, "percent_covered_display": "79", "missing_lines": 3, "excluded_lines": 0, "percent_statements_covered": 78.57142857142857, "percent_statements_covered_display": "79"}, "missing_lines": [43, 44, 45], "excluded_lines": [], "start_line": 21}, "MQSDBConnector.get_connection": {"executed_lines": [52, 53, 54, 58, 59, 60], "summary": {"covered_lines": 6, "num_statements": 11, "percent_covered": 54.54545454545455, "percent_covered_display": "55", "missing_lines": 5, "excluded_lines": 0, "percent_statements_covered": 54.54545454545455, "percent_statements_covered_display": "55"}, "missing_lines": [55, 57, 61, 62, 63], "excluded_lines": [], "start_line": 50}, "MQSDBConnector.release_connection": {"executed_lines": [67, 68, 69], "summary": {"covered_lines": 3, "num_statements": 5, "percent_covered": 60.0, "percent_covered_display": "60", "missing_lines": 2, "excluded_lines": 0, "percent_statements_covered": 60.0, "percent_statements_covered_display": "60"}, "missing_lines": [70, 71], "excluded_lines": [], "start_line": 65}, "MQSDBConnector.close_all_connections": {"executed_lines": [], "summary": {"covered_lines": 0, "num_statements": 5, "percent_covered": 0.0, "percent_covered_display": "0", "missing_lines": 5, "excluded_lines": 0, "percent_statements_covered": 0.0, "percent_statements_covered_display": "0"}, "missing_lines": [75, 76, 77, 78, 79], "excluded_lines": [], "start_line": 73}, "MQSDBConnector.execute_query": {"executed_lines": [86, 87, 90, 91, 92, 93, 94, 95, 96, 107], "summary": {"covered_lines": 10, "num_statements": 20, "percent_covered": 50.0, "percent_covered_display": "50", "missing_lines": 10, "excluded_lines": 0, "percent_statements_covered": 50.0, "percent_statements_covered_display": "50"}, "missing_lines": [88, 97, 98, 99, 100, 101, 102, 103, 104, 105], "excluded_lines": [], "start_line": 81}, "MQSDBConnector.inject_to_db": {"executed_lines": [], "summary": {"covered_lines": 0, "num_statements": 5, "percent_covered": 0.0, "percent_covered_display": "0", "missing_lines": 5, "excluded_lines": 0, "percent_statements_covered": 0.0, "percent_statements_covered_display": "0"}, "missing_lines": [113, 114, 115, 116, 117], "excluded_lines": [], "start_line": 109}, "MQSDBConnector.bulk_inject_to_db": {"executed_lines": [], "summary": {"covered_lines": 0, "num_statements": 25, "percent_covered": 0.0, "percent_covered_display": "0", "missing_lines": 25, "excluded_lines": 0, "percent_statements_covered": 0.0, "percent_statements_covered_display": "0"}, "missing_lines": [124, 125, 127, 128, 129, 131, 132, 133, 134, 136, 139, 140, 143, 145, 146, 147, 149, 151, 152, 153, 154, 155, 156, 157, 159], "excluded_lines": [], "start_line": 119}, "MQSDBConnector.update_data": {"executed_lines": [], "summary": {"covered_lines": 0, "num_statements": 8, "percent_covered": 0.0, "percent_covered_display": "0", "missing_lines": 8, "excluded_lines": 0, "percent_statements_covered": 0.0, "percent_statements_covered_display": "0"}, "missing_lines": [166, 167, 169, 170, 171, 172, 173, 174], "excluded_lines": [], "start_line": 162}, "MQSDBConnector.delete_data": {"executed_lines": [], "summary": {"covered_lines": 0, "num_statements": 6, "percent_covered": 0.0, "percent_covered_display": "0", "missing_lines": 6, "excluded_lines": 0, "percent_statements_covered": 0.0, "percent_statements_covered_display": "0"}, "missing_lines": [180, 181, 183, 184, 185, 186], "excluded_lines": [], "start_line": 176}, "MQSDBConnector.read_db": {"executed_lines": [], "summary": {"covered_lines": 0, "num_statements": 10, "percent_covered": 0.0, "percent_covered_display": "0", "missing_lines": 10, "excluded_lines": 0, "percent_statements_covered": 0.0, "percent_statements_covered_display": "0"}, "missing_lines": [193, 194, 196, 197, 198, 199, 200, 201, 202, 203], "excluded_lines": [], "start_line": 188}, "": {"executed_lines": [1, 2, 3, 4, 5, 6, 7, 10, 13, 15, 21, 50, 65, 73, 81, 109, 119, 162, 176, 188], "summary": {"covered_lines": 20, "num_statements": 20, "percent_covered": 100.0, "percent_covered_display": "100", "missing_lines": 0, "excluded_lines": 0, "percent_statements_covered": 100.0, "percent_statements_covered_display": "100"}, "missing_lines": [], "excluded_lines": [], "start_line": 1}}, "classes": {"MQSDBConnector": {"executed_lines": [23, 24, 25, 26, 27, 28, 31, 32, 42, 47, 48, 52, 53, 54, 58, 59, 60, 67, 68, 69, 86, 87, 90, 91, 92, 93, 94, 95, 96, 107], "summary": {"covered_lines": 30, "num_statements": 109, "percent_covered": 27.522935779816514, "percent_covered_display": "28", "missing_lines": 79, "excluded_lines": 0, "percent_statements_covered": 27.522935779816514, "percent_statements_covered_display": "28"}, "missing_lines": [43, 44, 45, 55, 57, 61, 62, 63, 70, 71, 75, 76, 77, 78, 79, 88, 97, 98, 99, 100, 101, 102, 103, 104, 105, 113, 114, 115, 116, 117, 124, 125, 127, 128, 129, 131, 132, 133, 134, 136, 139, 140, 143, 145, 146, 147, 149, 151, 152, 153, 154, 155, 156, 157, 159, 166, 167, 169, 170, 171, 172, 173, 174, 180, 181, 183, 184, 185, 186, 193, 194, 196, 197, 198, 199, 200, 201, 202, 203], "excluded_lines": [], "start_line": 15}, "": {"executed_lines": [1, 2, 3, 4, 5, 6, 7, 10, 13, 15, 21, 50, 65, 73, 81, 109, 119, 162, 176, 188], "summary": {"covered_lines": 20, "num_statements": 20, "percent_covered": 100.0, "percent_covered_display": "100", "missing_lines": 0, "excluded_lines": 0, "percent_statements_covered": 100.0, "percent_statements_covered_display": "100"}, "missing_lines": [], "excluded_lines": [], "start_line": 1}}}, "src\\common\\database\\__init__.py": {"executed_lines": [], "summary": {"covered_lines": 0, "num_statements": 0, "percent_covered": 100.0, "percent_covered_display": "100", "missing_lines": 0, "excluded_lines": 0, "percent_statements_covered": 100.0, "percent_statements_covered_display": "100"}, "missing_lines": [], "excluded_lines": [], "functions": {"": {"executed_lines": [], "summary": {"covered_lines": 0, "num_statements": 0, "percent_covered": 100.0, "percent_covered_display": "100", "missing_lines": 0, "excluded_lines": 0, "percent_statements_covered": 100.0, "percent_statements_covered_display": "100"}, "missing_lines": [], "excluded_lines": [], "start_line": 1}}, "classes": {"": {"executed_lines": [], "summary": {"covered_lines": 0, "num_statements": 0, "percent_covered": 100.0, "percent_covered_display": "100", "missing_lines": 0, "excluded_lines": 0, "percent_statements_covered": 100.0, "percent_statements_covered_display": "100"}, "missing_lines": [], "excluded_lines": [], "start_line": 1}}}, "src\\common\\database\\create_all_tables.py": {"executed_lines": [], "summary": {"covered_lines": 0, "num_statements": 15, "percent_covered": 0.0, "percent_covered_display": "0", "missing_lines": 15, "excluded_lines": 0, "percent_statements_covered": 0.0, "percent_statements_covered_display": "0"}, "missing_lines": [2, 3, 6, 10, 12, 15, 18, 20, 22, 23, 24, 25, 26, 28, 29], "excluded_lines": [], "functions": {"main": {"executed_lines": [], "summary": {"covered_lines": 0, "num_statements": 10, "percent_covered": 0.0, "percent_covered_display": "0", "missing_lines": 10, "excluded_lines": 0, "percent_statements_covered": 0.0, "percent_statements_covered_display": "0"}, "missing_lines": [10, 12, 15, 18, 20, 22, 23, 24, 25, 26], "excluded_lines": [], "start_line": 6}, "": {"executed_lines": [], "summary": {"covered_lines": 0, "num_statements": 5, "percent_covered": 0.0, "percent_covered_display": "0", "missing_lines": 5, "excluded_lines": 0, "percent_statements_covered": 0.0, "percent_statements_covered_display": "0"}, "missing_lines": [2, 3, 6, 28, 29], "excluded_lines": [], "start_line": 1}}, "classes": {"": {"executed_lines": [], "summary": {"covered_lines": 0, "num_statements": 15, "percent_covered": 0.0, "percent_covered_display": "0", "missing_lines": 15, "excluded_lines": 0, "percent_statements_covered": 0.0, "percent_statements_covered_display": "0"}, "missing_lines": [2, 3, 6, 10, 12, 15, 18, 20, 22, 23, 24, 25, 26, 28, 29], "excluded_lines": [], "start_line": 1}}}, "src\\common\\database\\schemaDefinitions.py": {"executed_lines": [1, 3, 4, 12, 18, 21], "summary": {"covered_lines": 6, "num_statements": 28, "percent_covered": 21.428571428571427, "percent_covered_display": "21", "missing_lines": 22, "excluded_lines": 0, "percent_statements_covered": 21.428571428571427, "percent_statements_covered_display": "21"}, "missing_lines": [5, 6, 9, 19, 26, 27, 28, 29, 31, 39, 55, 74, 89, 101, 112, 122, 135, 146, 147, 148, 149, 150], "excluded_lines": [], "functions": {"SchemaDefinitions.__init__": {"executed_lines": [], "summary": {"covered_lines": 0, "num_statements": 1, "percent_covered": 0.0, "percent_covered_display": "0", "missing_lines": 1, "excluded_lines": 0, "percent_statements_covered": 0.0, "percent_statements_covered_display": "0"}, "missing_lines": [19], "excluded_lines": [], "start_line": 18}, "SchemaDefinitions.create_all_tables": {"executed_lines": [], "summary": {"covered_lines": 0, "num_statements": 18, "percent_covered": 0.0, "percent_covered_display": "0", "missing_lines": 18, "excluded_lines": 0, "percent_statements_covered": 0.0, "percent_statements_covered_display": "0"}, "missing_lines": [26, 27, 28, 29, 31, 39, 55, 74, 89, 101, 112, 122, 135, 146, 147, 148, 149, 150], "excluded_lines": [], "start_line": 21}, "": {"executed_lines": [1, 3, 4, 12, 18, 21], "summary": {"covered_lines": 6, "num_statements": 9, "percent_covered": 66.66666666666667, "percent_covered_display": "67", "missing_lines": 3, "excluded_lines": 0, "percent_statements_covered": 66.66666666666667, "percent_statements_covered_display": "67"}, "missing_lines": [5, 6, 9], "excluded_lines": [], "start_line": 1}}, "classes": {"SchemaDefinitions": {"executed_lines": [], "summary": {"covered_lines": 0, "num_statements": 19, "percent_covered": 0.0, "percent_covered_display": "0", "missing_lines": 19, "excluded_lines": 0, "percent_statements_covered": 0.0, "percent_statements_covered_display": "0"}, "missing_lines": [19, 26, 27, 28, 29, 31, 39, 55, 74, 89, 101, 112, 122, 135, 146, 147, 148, 149, 150], "excluded_lines": [], "start_line": 12}, "": {"executed_lines": [1, 3, 4, 12, 18, 21], "summary": {"covered_lines": 6, "num_statements": 9, "percent_covered": 66.66666666666667, "percent_covered_display": "67", "missing_lines": 3, "excluded_lines": 0, "percent_statements_covered": 66.66666666666667, "percent_statements_covered_display": "67"}, "missing_lines": [5, 6, 9], "excluded_lines": [], "start_line": 1}}}, "src\\common\\database\\test.py": {"executed_lines": [], "summary": {"covered_lines": 0, "num_statements": 19, "percent_covered": 0.0, "percent_covered_display": "0", "missing_lines": 19, "excluded_lines": 0, "percent_statements_covered": 0.0, "percent_statements_covered_display": "0"}, "missing_lines": [1, 2, 3, 5, 7, 8, 9, 10, 11, 14, 15, 16, 17, 18, 19, 20, 22, 25, 26], "excluded_lines": [], "functions": {"test_connection": {"executed_lines": [], "summary": {"covered_lines": 0, "num_statements": 7, "percent_covered": 0.0, "percent_covered_display": "0", "missing_lines": 7, "excluded_lines": 0, "percent_statements_covered": 0.0, "percent_statements_covered_display": "0"}, "missing_lines": [15, 16, 17, 18, 19, 20, 22], "excluded_lines": [], "start_line": 14}, "": {"executed_lines": [], "summary": {"covered_lines": 0, "num_statements": 12, "percent_covered": 0.0, "percent_covered_display": "0", "missing_lines": 12, "excluded_lines": 0, "percent_statements_covered": 0.0, "percent_statements_covered_display": "0"}, "missing_lines": [1, 2, 3, 5, 7, 8, 9, 10, 11, 14, 25, 26], "excluded_lines": [], "start_line": 1}}, "classes": {"": {"executed_lines": [], "summary": {"covered_lines": 0, "num_statements": 19, "percent_covered": 0.0, "percent_covered_display": "0", "missing_lines": 19, "excluded_lines": 0, "percent_statements_covered": 0.0, "percent_statements_covered_display": "0"}, "missing_lines": [1, 2, 3, 5, 7, 8, 9, 10, 11, 14, 15, 16, 17, 18, 19, 20, 22, 25, 26], "excluded_lines": [], "start_line": 1}}}, "src\\live_trading\\__init__.py": {"executed_lines": [], "summary": {"covered_lines": 0, "num_statements": 0, "percent_covered": 100.0, "percent_covered_display": "100", "missing_lines": 0, "excluded_lines": 0, "percent_statements_covered": 100.0, "percent_statements_covered_display": "100"}, "missing_lines": [], "excluded_lines": [], "functions": {"": {"executed_lines": [], "summary": {"covered_lines": 0, "num_statements": 0, "percent_covered": 100.0, "percent_covered_display": "100", "missing_lines": 0, "excluded_lines": 0, "percent_statements_covered": 100.0, "percent_statements_covered_display": "100"}, "missing_lines": [], "excluded_lines": [], "start_line": 1}}, "classes": {"": {"executed_lines": [], "summary": {"covered_lines": 0, "num_statements": 0, "percent_covered": 100.0, "percent_covered_display": "100", "missing_lines": 0, "excluded_lines": 0, "percent_statements_covered": 100.0, "percent_statements_covered_display": "100"}, "missing_lines": [], "excluded_lines": [], "start_line": 1}}}, "src\\live_trading\\engine.py": {"executed_lines": [3, 4, 5, 6, 7, 8, 9, 11, 12, 26, 32, 33, 34, 35, 36, 37, 38, 40, 41, 43, 81, 134], "summary": {"covered_lines": 22, "num_statements": 90, "percent_covered": 24.444444444444443, "percent_covered_display": "24", "missing_lines": 68, "excluded_lines": 0, "percent_statements_covered": 24.444444444444443, "percent_statements_covered_display": "24"}, "missing_lines": [13, 14, 17, 18, 19, 20, 24, 47, 48, 50, 51, 52, 54, 55, 58, 60, 61, 64, 70, 71, 72, 76, 77, 86, 87, 91, 92, 93, 97, 98, 100, 101, 104, 106, 107, 110, 112, 113, 114, 116, 117, 118, 123, 124, 128, 130, 132, 138, 139, 140, 142, 143, 144, 145, 146, 147, 149, 150, 151, 152, 155, 156, 157, 158, 161, 163, 164, 166], "excluded_lines": [], "functions": {"RunEngine.__init__": {"executed_lines": [33, 34, 35, 36, 37, 38, 40, 41], "summary": {"covered_lines": 8, "num_statements": 8, "percent_covered": 100.0, "percent_covered_display": "100", "missing_lines": 0, "excluded_lines": 0, "percent_statements_covered": 100.0, "percent_statements_covered_display": "100"}, "missing_lines": [], "excluded_lines": [], "start_line": 32}, "RunEngine.load_portfolios": {"executed_lines": [], "summary": {"covered_lines": 0, "num_statements": 16, "percent_covered": 0.0, "percent_covered_display": "0", "missing_lines": 16, "excluded_lines": 0, "percent_statements_covered": 0.0, "percent_statements_covered_display": "0"}, "missing_lines": [47, 48, 50, 51, 52, 54, 55, 58, 60, 61, 64, 70, 71, 72, 76, 77], "excluded_lines": [], "start_line": 43}, "RunEngine._run_portfolio": {"executed_lines": [], "summary": {"covered_lines": 0, "num_statements": 24, "percent_covered": 0.0, "percent_covered_display": "0", "missing_lines": 24, "excluded_lines": 0, "percent_statements_covered": 0.0, "percent_statements_covered_display": "0"}, "missing_lines": [86, 87, 91, 92, 93, 97, 98, 100, 101, 104, 106, 107, 110, 112, 113, 114, 116, 117, 118, 123, 124, 128, 130, 132], "excluded_lines": [], "start_line": 81}, "RunEngine.run": {"executed_lines": [], "summary": {"covered_lines": 0, "num_statements": 21, "percent_covered": 0.0, "percent_covered_display": "0", "missing_lines": 21, "excluded_lines": 0, "percent_statements_covered": 0.0, "percent_statements_covered_display": "0"}, "missing_lines": [138, 139, 140, 142, 143, 144, 145, 146, 147, 149, 150, 151, 152, 155, 156, 157, 158, 161, 163, 164, 166], "excluded_lines": [], "start_line": 134}, "": {"executed_lines": [3, 4, 5, 6, 7, 8, 9, 11, 12, 26, 32, 43, 81, 134], "summary": {"covered_lines": 14, "num_statements": 21, "percent_covered": 66.66666666666667, "percent_covered_display": "67", "missing_lines": 7, "excluded_lines": 0, "percent_statements_covered": 66.66666666666667, "percent_statements_covered_display": "67"}, "missing_lines": [13, 14, 17, 18, 19, 20, 24], "excluded_lines": [], "start_line": 1}}, "classes": {"RunEngine": {"executed_lines": [33, 34, 35, 36, 37, 38, 40, 41], "summary": {"covered_lines": 8, "num_statements": 69, "percent_covered": 11.594202898550725, "percent_covered_display": "12", "missing_lines": 61, "excluded_lines": 0, "percent_statements_covered": 11.594202898550725, "percent_statements_covered_display": "12"}, "missing_lines": [47, 48, 50, 51, 52, 54, 55, 58, 60, 61, 64, 70, 71, 72, 76, 77, 86, 87, 91, 92, 93, 97, 98, 100, 101, 104, 106, 107, 110, 112, 113, 114, 116, 117, 118, 123, 124, 128, 130, 132, 138, 139, 140, 142, 143, 144, 145, 146, 147, 149, 150, 151, 152, 155, 156, 157, 158, 161, 163, 164, 166], "excluded_lines": [], "start_line": 26}, "": {"executed_lines": [3, 4, 5, 6, 7, 8, 9, 11, 12, 26, 32, 43, 81, 134], "summary": {"covered_lines": 14, "num_statements": 21, "percent_covered": 66.66666666666667, "percent_covered_display": "67", "missing_lines": 7, "excluded_lines": 0, "percent_statements_covered": 66.66666666666667, "percent_statements_covered_display": "67"}, "missing_lines": [13, 14, 17, 18, 19, 20, 24], "excluded_lines": [], "start_line": 1}}}, "src\\live_trading\\executor.py": {"executed_lines": [1, 2, 4, 6, 7, 8, 9, 21, 26, 27, 29, 30, 31, 32, 33, 34, 35, 37, 73, 206, 317, 344], "summary": {"covered_lines": 22, "num_statements": 150, "percent_covered": 14.666666666666666, "percent_covered_display": "15", "missing_lines": 128, "excluded_lines": 0, "percent_statements_covered": 14.666666666666666, "percent_statements_covered_display": "15"}, "missing_lines": [10, 11, 14, 15, 16, 17, 18, 19, 20, 44, 45, 47, 48, 49, 50, 51, 53, 54, 56, 59, 60, 64, 68, 70, 71, 90, 91, 92, 93, 94, 95, 96, 97, 98, 100, 101, 102, 103, 105, 106, 107, 110, 113, 118, 119, 120, 123, 125, 132, 133, 138, 140, 141, 142, 144, 145, 148, 149, 152, 154, 155, 157, 160, 162, 163, 166, 168, 169, 170, 176, 179, 180, 181, 183, 184, 185, 186, 187, 188, 189, 190, 192, 224, 225, 226, 227, 229, 230, 231, 232, 233, 234, 236, 238, 242, 249, 252, 258, 264, 267, 274, 288, 290, 291, 294, 300, 301, 304, 305, 306, 307, 308, 311, 314, 315, 322, 323, 325, 326, 327, 333, 335, 338, 340, 341, 342, 348, 367], "excluded_lines": [], "functions": {"tradeExecutor.__init__": {"executed_lines": [29, 30, 31, 32, 33, 34, 35], "summary": {"covered_lines": 7, "num_statements": 7, "percent_covered": 100.0, "percent_covered_display": "100", "missing_lines": 0, "excluded_lines": 0, "percent_statements_covered": 100.0, "percent_statements_covered_display": "100"}, "missing_lines": [], "excluded_lines": [], "start_line": 27}, "tradeExecutor._calculate_buying_power": {"executed_lines": [], "summary": {"covered_lines": 0, "num_statements": 16, "percent_covered": 0.0, "percent_covered_display": "0", "missing_lines": 16, "excluded_lines": 0, "percent_statements_covered": 0.0, "percent_statements_covered_display": "0"}, "missing_lines": [44, 45, 47, 48, 49, 50, 51, 53, 54, 56, 59, 60, 64, 68, 70, 71], "excluded_lines": [], "start_line": 37}, "tradeExecutor.execute_trade": {"executed_lines": [], "summary": {"covered_lines": 0, "num_statements": 57, "percent_covered": 0.0, "percent_covered_display": "0", "missing_lines": 57, "excluded_lines": 0, "percent_statements_covered": 0.0, "percent_statements_covered_display": "0"}, "missing_lines": [90, 91, 92, 93, 94, 95, 96, 97, 98, 100, 101, 102, 103, 105, 106, 107, 110, 113, 118, 119, 120, 123, 125, 132, 133, 138, 140, 141, 142, 144, 145, 148, 149, 152, 154, 155, 157, 160, 162, 163, 166, 168, 169, 170, 176, 179, 180, 181, 183, 184, 185, 186, 187, 188, 189, 190, 192], "excluded_lines": [], "start_line": 73}, "tradeExecutor.update_database": {"executed_lines": [], "summary": {"covered_lines": 0, "num_statements": 33, "percent_covered": 0.0, "percent_covered_display": "0", "missing_lines": 33, "excluded_lines": 0, "percent_statements_covered": 0.0, "percent_statements_covered_display": "0"}, "missing_lines": [224, 225, 226, 227, 229, 230, 231, 232, 233, 234, 236, 238, 242, 249, 252, 258, 264, 267, 274, 288, 290, 291, 294, 300, 301, 304, 305, 306, 307, 308, 311, 314, 315], "excluded_lines": [], "start_line": 206}, "tradeExecutor.get_current_price": {"executed_lines": [], "summary": {"covered_lines": 0, "num_statements": 11, "percent_covered": 0.0, "percent_covered_display": "0", "missing_lines": 11, "excluded_lines": 0, "percent_statements_covered": 0.0, "percent_statements_covered_display": "0"}, "missing_lines": [322, 323, 325, 326, 327, 333, 335, 338, 340, 341, 342], "excluded_lines": [], "start_line": 317}, "tradeExecutor.liquidate": {"executed_lines": [], "summary": {"covered_lines": 0, "num_statements": 2, "percent_covered": 0.0, "percent_covered_display": "0", "missing_lines": 2, "excluded_lines": 0, "percent_statements_covered": 0.0, "percent_statements_covered_display": "0"}, "missing_lines": [348, 367], "excluded_lines": [], "start_line": 344}, "": {"executed_lines": [1, 2, 4, 6, 7, 8, 9, 21, 26, 27, 37, 73, 206, 317, 344], "summary": {"covered_lines": 15, "num_statements": 24, "percent_covered": 62.5, "percent_covered_display": "62", "missing_lines": 9, "excluded_lines": 0, "percent_statements_covered": 62.5, "percent_statements_covered_display": "62"}, "missing_lines": [10, 11, 14, 15, 16, 17, 18, 19, 20], "excluded_lines": [], "start_line": 1}}, "classes": {"tradeExecutor": {"executed_lines": [29, 30, 31, 32, 33, 34, 35], "summary": {"covered_lines": 7, "num_statements": 126, "percent_covered": 5.555555555555555, "percent_covered_display": "6", "missing_lines": 119, "excluded_lines": 0, "percent_statements_covered": 5.555555555555555, "percent_statements_covered_display": "6"}, "missing_lines": [44, 45, 47, 48, 49, 50, 51, 53, 54, 56, 59, 60, 64, 68, 70, 71, 90, 91, 92, 93, 94, 95, 96, 97, 98, 100, 101, 102, 103, 105, 106, 107, 110, 113, 118, 119, 120, 123, 125, 132, 133, 138, 140, 141, 142, 144, 145, 148, 149, 152, 154, 155, 157, 160, 162, 163, 166, 168, 169, 170, 176, 179, 180, 181, 183, 184, 185, 186, 187, 188, 189, 190, 192, 224, 225, 226, 227, 229, 230, 231, 232, 233, 234, 236, 238, 242, 249, 252, 258, 264, 267, 274, 288, 290, 291, 294, 300, 301, 304, 305, 306, 307, 308, 311, 314, 315, 322, 323, 325, 326, 327, 333, 335, 338, 340, 341, 342, 348, 367], "excluded_lines": [], "start_line": 26}, "": {"executed_lines": [1, 2, 4, 6, 7, 8, 9, 21, 26, 27, 37, 73, 206, 317, 344], "summary": {"covered_lines": 15, "num_statements": 24, "percent_covered": 62.5, "percent_covered_display": "62", "missing_lines": 9, "excluded_lines": 0, "percent_statements_covered": 62.5, "percent_statements_covered_display": "62"}, "missing_lines": [10, 11, 14, 15, 16, 17, 18, 19, 20], "excluded_lines": [], "start_line": 1}}}, "src\\main.py": {"executed_lines": [], "summary": {"covered_lines": 0, "num_statements": 37, "percent_covered": 0.0, "percent_covered_display": "0", "missing_lines": 37, "excluded_lines": 0, "percent_statements_covered": 0.0, "percent_statements_covered_display": "0"}, "missing_lines": [6, 8, 9, 10, 11, 12, 13, 14, 15, 16, 17, 18, 19, 20, 21, 22, 23, 24, 26, 31, 36, 45, 46, 47, 48, 50, 51, 53, 54, 56, 57, 59, 61, 62, 67, 70, 71], "excluded_lines": [], "functions": {"main": {"executed_lines": [], "summary": {"covered_lines": 0, "num_statements": 15, "percent_covered": 0.0, "percent_covered_display": "0", "missing_lines": 15, "excluded_lines": 0, "percent_statements_covered": 0.0, "percent_statements_covered_display": "0"}, "missing_lines": [36, 45, 46, 47, 48, 50, 51, 53, 54, 56, 57, 59, 61, 62, 67], "excluded_lines": [], "start_line": 31}, "": {"executed_lines": [], "summary": {"covered_lines": 0, "num_statements": 22, "percent_covered": 0.0, "percent_covered_display": "0", "missing_lines": 22, "excluded_lines": 0, "percent_statements_covered": 0.0, "percent_statements_covered_display": "0"}, "missing_lines": [6, 8, 9, 10, 11, 12, 13, 14, 15, 16, 17, 18, 19, 20, 21, 22, 23, 24, 26, 31, 70, 71], "excluded_lines": [], "start_line": 1}}, "classes": {"": {"executed_lines": [], "summary": {"covered_lines": 0, "num_statements": 37, "percent_covered": 0.0, "percent_covered_display": "0", "missing_lines": 37, "excluded_lines": 0, "percent_statements_covered": 0.0, "percent_statements_covered_display": "0"}, "missing_lines": [6, 8, 9, 10, 11, 12, 13, 14, 15, 16, 17, 18, 19, 20, 21, 22, 23, 24, 26, 31, 36, 45, 46, 47, 48, 50, 51, 53, 54, 56, 57, 59, 61, 62, 67, 70, 71], "excluded_lines": [], "start_line": 1}}}, "src\\main_backtest.py": {"executed_lines": [11, 13, 14, 15, 16, 17, 18, 19, 21, 26, 37, 47, 48, 50, 52, 60, 61, 64, 67], "summary": {"covered_lines": 19, "num_statements": 20, "percent_covered": 95.0, "percent_covered_display": "95", "missing_lines": 1, "excluded_lines": 0, "percent_statements_covered": 95.0, "percent_statements_covered_display": "95"}, "missing_lines": [68], "excluded_lines": [], "functions": {"main": {"executed_lines": [37, 47, 48, 50, 52, 60, 61, 64], "summary": {"covered_lines": 8, "num_statements": 8, "percent_covered": 100.0, "percent_covered_display": "100", "missing_lines": 0, "excluded_lines": 0, "percent_statements_covered": 100.0, "percent_statements_covered_display": "100"}, "missing_lines": [], "excluded_lines": [], "start_line": 26}, "": {"executed_lines": [11, 13, 14, 15, 16, 17, 18, 19, 21, 26, 67], "summary": {"covered_lines": 11, "num_statements": 12, "percent_covered": 91.66666666666667, "percent_covered_display": "92", "missing_lines": 1, "excluded_lines": 0, "percent_statements_covered": 91.66666666666667, "percent_statements_covered_display": "92"}, "missing_lines": [68], "excluded_lines": [], "start_line": 1}}, "classes": {"": {"executed_lines": [11, 13, 14, 15, 16, 17, 18, 19, 21, 26, 37, 47, 48, 50, 52, 60, 61, 64, 67], "summary": {"covered_lines": 19, "num_statements": 20, "percent_covered": 95.0, "percent_covered_display": "95", "missing_lines": 1, "excluded_lines": 0, "percent_statements_covered": 95.0, "percent_statements_covered_display": "95"}, "missing_lines": [68], "excluded_lines": [], "start_line": 1}}}, "src\\orchestrator\\__init__.py": {"executed_lines": [], "summary": {"covered_lines": 0, "num_statements": 0, "percent_covered": 100.0, "percent_covered_display": "100", "missing_lines": 0, "excluded_lines": 0, "percent_statements_covered": 100.0, "percent_statements_covered_display": "100"}, "missing_lines": [], "excluded_lines": [], "functions": {"": {"executed_lines": [], "summary": {"covered_lines": 0, "num_statements": 0, "percent_covered": 100.0, "percent_covered_display": "100", "missing_lines": 0, "excluded_lines": 0, "percent_statements_covered": 100.0, "percent_statements_covered_display": "100"}, "missing_lines": [], "excluded_lines": [], "start_line": 1}}, "classes": {"": {"executed_lines": [], "summary": {"covered_lines": 0, "num_statements": 0, "percent_covered": 100.0, "percent_covered_display": "100", "missing_lines": 0, "excluded_lines": 0, "percent_statements_covered": 100.0, "percent_statements_covered_display": "100"}, "missing_lines": [], "excluded_lines": [], "start_line": 1}}}, "src\\orchestrator\\backfill\\__init__.py": {"executed_lines": [], "summary": {"covered_lines": 0, "num_statements": 0, "percent_covered": 100.0, "percent_covered_display": "100", "missing_lines": 0, "excluded_lines": 0, "percent_statements_covered": 100.0, "percent_statements_covered_display": "100"}, "missing_lines": [], "excluded_lines": [], "functions": {"": {"executed_lines": [], "summary": {"covered_lines": 0, "num_statements": 0, "percent_covered": 100.0, "percent_covered_display": "100", "missing_lines": 0, "excluded_lines": 0, "percent_statements_covered": 100.0, "percent_statements_covered_display": "100"}, "missing_lines": [], "excluded_lines": [], "start_line": 1}}, "classes": {"": {"executed_lines": [], "summary": {"covered_lines": 0, "num_statements": 0, "percent_covered": 100.0, "percent_covered_display": "100", "missing_lines": 0, "excluded_lines": 0, "percent_statements_covered": 100.0, "percent_statements_covered_display": "100"}, "missing_lines": [], "excluded_lines": [], "start_line": 1}}}, "src\\orchestrator\\backfill\\backfill.py": {"executed_lines": [], "summary": {"covered_lines": 0, "num_statements": 85, "percent_covered": 0.0, "percent_covered_display": "0", "missing_lines": 85, "excluded_lines": 0, "percent_statements_covered": 0.0, "percent_statements_covered_display": "0"}, "missing_lines": [8, 9, 10, 11, 12, 13, 14, 15, 16, 19, 22, 24, 27, 29, 30, 31, 34, 42, 43, 44, 45, 46, 47, 49, 52, 58, 60, 61, 63, 64, 66, 67, 68, 71, 94, 95, 97, 101, 104, 105, 106, 107, 110, 114, 115, 116, 118, 119, 123, 126, 127, 128, 129, 130, 132, 134, 135, 136, 137, 138, 139, 146, 147, 154, 155, 156, 157, 159, 162, 163, 170, 172, 174, 175, 177, 180, 181, 183, 186, 187, 188, 189, 191, 192, 195], "excluded_lines": [], "functions": {"convert_to_date": {"executed_lines": [], "summary": {"covered_lines": 0, "num_statements": 3, "percent_covered": 0.0, "percent_covered_display": "0", "missing_lines": 3, "excluded_lines": 0, "percent_statements_covered": 0.0, "percent_statements_covered_display": "0"}, "missing_lines": [29, 30, 31], "excluded_lines": [], "start_line": 27}, "generate_output_filename": {"executed_lines": [], "summary": {"covered_lines": 0, "num_statements": 7, "percent_covered": 0.0, "percent_covered_display": "0", "missing_lines": 7, "excluded_lines": 0, "percent_statements_covered": 0.0, "percent_statements_covered_display": "0"}, "missing_lines": [42, 43, 44, 45, 46, 47, 49], "excluded_lines": [], "start_line": 34}, "prepare_data": {"executed_lines": [], "summary": {"covered_lines": 0, "num_statements": 8, "percent_covered": 0.0, "percent_covered_display": "0", "missing_lines": 8, "excluded_lines": 0, "percent_statements_covered": 0.0, "percent_statements_covered_display": "0"}, "missing_lines": [58, 60, 61, 63, 64, 66, 67, 68], "excluded_lines": [], "start_line": 52}, "backfill_data": {"executed_lines": [], "summary": {"covered_lines": 0, "num_statements": 51, "percent_covered": 0.0, "percent_covered_display": "0", "missing_lines": 51, "excluded_lines": 0, "percent_statements_covered": 0.0, "percent_statements_covered_display": "0"}, "missing_lines": [94, 95, 97, 101, 104, 105, 106, 107, 110, 114, 115, 116, 118, 119, 123, 126, 127, 128, 129, 130, 132, 134, 135, 136, 137, 138, 139, 146, 147, 154, 155, 156, 157, 159, 162, 163, 170, 172, 174, 175, 177, 180, 181, 183, 186, 187, 188, 189, 191, 192, 195], "excluded_lines": [], "start_line": 71}, "": {"executed_lines": [], "summary": {"covered_lines": 0, "num_statements": 16, "percent_covered": 0.0, "percent_covered_display": "0", "missing_lines": 16, "excluded_lines": 0, "percent_statements_covered": 0.0, "percent_statements_covered_display": "0"}, "missing_lines": [8, 9, 10, 11, 12, 13, 14, 15, 16, 19, 22, 24, 27, 34, 52, 71], "excluded_lines": [], "start_line": 1}}, "classes": {"": {"executed_lines": [], "summary": {"covered_lines": 0, "num_statements": 85, "percent_covered": 0.0, "percent_covered_display": "0", "missing_lines": 85, "excluded_lines": 0, "percent_statements_covered": 0.0, "percent_statements_covered_display": "0"}, "missing_lines": [8, 9, 10, 11, 12, 13, 14, 15, 16, 19, 22, 24, 27, 29, 30, 31, 34, 42, 43, 44, 45, 46, 47, 49, 52, 58, 60, 61, 63, 64, 66, 67, 68, 71, 94, 95, 97, 101, 104, 105, 106, 107, 110, 114, 115, 116, 118, 119, 123, 126, 127, 128, 129, 130, 132, 134, 135, 136, 137, 138, 139, 146, 147, 154, 155, 156, 157, 159, 162, 163, 170, 172, 174, 175, 177, 180, 181, 183, 186, 187, 188, 189, 191, 192, 195], "excluded_lines": [], "start_line": 1}}}, "src\\orchestrator\\backfill\\backfill_cli.py": {"executed_lines": [], "summary": {"covered_lines": 0, "num_statements": 121, "percent_covered": 0.0, "percent_covered_display": "0", "missing_lines": 121, "excluded_lines": 0, "percent_statements_covered": 0.0, "percent_statements_covered_display": "0"}, "missing_lines": [1, 2, 3, 4, 5, 6, 7, 9, 12, 13, 14, 15, 16, 17, 19, 20, 21, 22, 23, 25, 26, 27, 29, 30, 31, 32, 33, 34, 35, 36, 37, 38, 39, 41, 42, 43, 47, 48, 49, 50, 51, 52, 53, 55, 56, 58, 59, 60, 61, 63, 65, 66, 67, 68, 78, 79, 80, 82, 83, 84, 86, 87, 88, 94, 95, 96, 97, 98, 99, 109, 110, 111, 114, 115, 116, 117, 119, 120, 121, 123, 124, 125, 126, 127, 132, 133, 137, 140, 141, 142, 143, 144, 145, 146, 147, 148, 149, 150, 153, 154, 155, 158, 159, 160, 161, 164, 165, 166, 167, 169, 172, 173, 174, 175, 176, 177, 178, 179, 181, 184, 185], "excluded_lines": [], "functions": {"_parse_date": {"executed_lines": [], "summary": {"covered_lines": 0, "num_statements": 4, "percent_covered": 0.0, "percent_covered_display": "0", "missing_lines": 4, "excluded_lines": 0, "percent_statements_covered": 0.0, "percent_statements_covered_display": "0"}, "missing_lines": [20, 21, 22, 23], "excluded_lines": [], "start_line": 19}, "_ensure_tickers": {"executed_lines": [], "summary": {"covered_lines": 0, "num_statements": 13, "percent_covered": 0.0, "percent_covered_display": "0", "missing_lines": 13, "excluded_lines": 0, "percent_statements_covered": 0.0, "percent_statements_covered_display": "0"}, "missing_lines": [26, 27, 29, 30, 31, 32, 33, 34, 35, 36, 37, 38, 39], "excluded_lines": [], "start_line": 25}, "_validate_interval": {"executed_lines": [], "summary": {"covered_lines": 0, "num_statements": 2, "percent_covered": 0.0, "percent_covered_display": "0", "missing_lines": 2, "excluded_lines": 0, "percent_statements_covered": 0.0, "percent_statements_covered_display": "0"}, "missing_lines": [42, 43], "excluded_lines": [], "start_line": 41}, "cmd_specific": {"executed_lines": [], "summary": {"covered_lines": 0, "num_statements": 26, "percent_covered": 0.0, "percent_covered_display": "0", "missing_lines": 26, "excluded_lines": 0, "percent_statements_covered": 0.0, "percent_statements_covered_display": "0"}, "missing_lines": [48, 49, 50, 51, 52, 53, 55, 56, 58, 59, 60, 61, 63, 65, 66, 67, 68, 78, 79, 80, 82, 83, 84, 86, 87, 88], "excluded_lines": [], "start_line": 47}, "cmd_concurrent": {"executed_lines": [], "summary": {"covered_lines": 0, "num_statements": 8, "percent_covered": 0.0, "percent_covered_display": "0", "missing_lines": 8, "excluded_lines": 0, "percent_statements_covered": 0.0, "percent_statements_covered_display": "0"}, "missing_lines": [95, 96, 97, 98, 99, 109, 110, 111], "excluded_lines": [], "start_line": 94}, "cmd_inject_csv": {"executed_lines": [], "summary": {"covered_lines": 0, "num_statements": 11, "percent_covered": 0.0, "percent_covered_display": "0", "missing_lines": 11, "excluded_lines": 0, "percent_statements_covered": 0.0, "percent_statements_covered_display": "0"}, "missing_lines": [115, 116, 117, 119, 120, 121, 123, 124, 125, 126, 127], "excluded_lines": [], "start_line": 114}, "build_parser": {"executed_lines": [], "summary": {"covered_lines": 0, "num_statements": 15, "percent_covered": 0.0, "percent_covered_display": "0", "missing_lines": 15, "excluded_lines": 0, "percent_statements_covered": 0.0, "percent_statements_covered_display": "0"}, "missing_lines": [133, 137, 140, 153, 154, 155, 158, 159, 160, 161, 164, 165, 166, 167, 169], "excluded_lines": [], "start_line": 132}, "build_parser.add_date_args": {"executed_lines": [], "summary": {"covered_lines": 0, "num_statements": 10, "percent_covered": 0.0, "percent_covered_display": "0", "missing_lines": 10, "excluded_lines": 0, "percent_statements_covered": 0.0, "percent_statements_covered_display": "0"}, "missing_lines": [141, 142, 143, 144, 145, 146, 147, 148, 149, 150], "excluded_lines": [], "start_line": 140}, "main": {"executed_lines": [], "summary": {"covered_lines": 0, "num_statements": 8, "percent_covered": 0.0, "percent_covered_display": "0", "missing_lines": 8, "excluded_lines": 0, "percent_statements_covered": 0.0, "percent_statements_covered_display": "0"}, "missing_lines": [173, 174, 175, 176, 177, 178, 179, 181], "excluded_lines": [], "start_line": 172}, "": {"executed_lines": [], "summary": {"covered_lines": 0, "num_statements": 24, "percent_covered": 0.0, "percent_covered_display": "0", "missing_lines": 24, "excluded_lines": 0, "percent_statements_covered": 0.0, "percent_statements_covered_display": "0"}, "missing_lines": [1, 2, 3, 4, 5, 6, 7, 9, 12, 13, 14, 15, 16, 17, 19, 25, 41, 47, 94, 114, 132, 172, 184, 185], "excluded_lines": [], "start_line": 1}}, "classes": {"": {"executed_lines": [], "summary": {"covered_lines": 0, "num_statements": 121, "percent_covered": 0.0, "percent_covered_display": "0", "missing_lines": 121, "excluded_lines": 0, "percent_statements_covered": 0.0, "percent_statements_covered_display": "0"}, "missing_lines": [1, 2, 3, 4, 5, 6, 7, 9, 12, 13, 14, 15, 16, 17, 19, 20, 21, 22, 23, 25, 26, 27, 29, 30, 31, 32, 33, 34, 35, 36, 37, 38, 39, 41, 42, 43, 47, 48, 49, 50, 51, 52, 53, 55, 56, 58, 59, 60, 61, 63, 65, 66, 67, 68, 78, 79, 80, 82, 83, 84, 86, 87, 88, 94, 95, 96, 97, 98, 99, 109, 110, 111, 114, 115, 116, 117, 119, 120, 121, 123, 124, 125, 126, 127, 132, 133, 137, 140, 141, 142, 143, 144, 145, 146, 147, 148, 149, 150, 153, 154, 155, 158, 159, 160, 161, 164, 165, 166, 167, 169, 172, 173, 174, 175, 176, 177, 178, 179, 181, 184, 185], "excluded_lines": [], "start_line": 1}}}, "src\\orchestrator\\backfill\\concurrent_backfill.py": {"executed_lines": [], "summary": {"covered_lines": 0, "num_statements": 97, "percent_covered": 0.0, "percent_covered_display": "0", "missing_lines": 97, "excluded_lines": 0, "percent_statements_covered": 0.0, "percent_statements_covered_display": "0"}, "missing_lines": [12, 13, 14, 15, 16, 17, 18, 21, 22, 23, 25, 27, 30, 32, 33, 34, 35, 36, 39, 44, 45, 47, 57, 58, 59, 62, 63, 64, 65, 67, 68, 69, 70, 81, 82, 83, 86, 93, 94, 96, 97, 98, 99, 100, 101, 102, 104, 106, 107, 110, 111, 114, 119, 120, 121, 122, 124, 125, 126, 129, 130, 131, 133, 137, 138, 139, 140, 141, 144, 145, 148, 150, 152, 154, 155, 156, 157, 158, 159, 160, 161, 162, 165, 166, 168, 169, 170, 171, 172, 174, 175, 176, 177, 180, 181, 184, 192], "excluded_lines": [], "functions": {"parse_date_arg": {"executed_lines": [], "summary": {"covered_lines": 0, "num_statements": 5, "percent_covered": 0.0, "percent_covered_display": "0", "missing_lines": 5, "excluded_lines": 0, "percent_statements_covered": 0.0, "percent_statements_covered_display": "0"}, "missing_lines": [32, 33, 34, 35, 36], "excluded_lines": [], "start_line": 30}, "backfill_single_ticker": {"executed_lines": [], "summary": {"covered_lines": 0, "num_statements": 32, "percent_covered": 0.0, "percent_covered_display": "0", "missing_lines": 32, "excluded_lines": 0, "percent_statements_covered": 0.0, "percent_statements_covered_display": "0"}, "missing_lines": [44, 45, 47, 57, 58, 59, 62, 63, 64, 65, 67, 68, 69, 70, 81, 82, 83, 86, 93, 94, 96, 97, 98, 99, 100, 101, 102, 104, 106, 107, 110, 111], "excluded_lines": [], "start_line": 39}, "concurrent_backfill": {"executed_lines": [], "summary": {"covered_lines": 0, "num_statements": 18, "percent_covered": 0.0, "percent_covered_display": "0", "missing_lines": 18, "excluded_lines": 0, "percent_statements_covered": 0.0, "percent_statements_covered_display": "0"}, "missing_lines": [119, 120, 121, 122, 124, 125, 126, 129, 130, 131, 133, 137, 138, 139, 140, 141, 144, 145], "excluded_lines": [], "start_line": 114}, "": {"executed_lines": [], "summary": {"covered_lines": 0, "num_statements": 42, "percent_covered": 0.0, "percent_covered_display": "0", "missing_lines": 42, "excluded_lines": 0, "percent_statements_covered": 0.0, "percent_statements_covered_display": "0"}, "missing_lines": [12, 13, 14, 15, 16, 17, 18, 21, 22, 23, 25, 27, 30, 39, 114, 148, 150, 152, 154, 155, 156, 157, 158, 159, 160, 161, 162, 165, 166, 168, 169, 170, 171, 172, 174, 175, 176, 177, 180, 181, 184, 192], "excluded_lines": [], "start_line": 1}}, "classes": {"": {"executed_lines": [], "summary": {"covered_lines": 0, "num_statements": 97, "percent_covered": 0.0, "percent_covered_display": "0", "missing_lines": 97, "excluded_lines": 0, "percent_statements_covered": 0.0, "percent_statements_covered_display": "0"}, "missing_lines": [12, 13, 14, 15, 16, 17, 18, 21, 22, 23, 25, 27, 30, 32, 33, 34, 35, 36, 39, 44, 45, 47, 57, 58, 59, 62, 63, 64, 65, 67, 68, 69, 70, 81, 82, 83, 86, 93, 94, 96, 97, 98, 99, 100, 101, 102, 104, 106, 107, 110, 111, 114, 119, 120, 121, 122, 124, 125, 126, 129, 130, 131, 133, 137, 138, 139, 140, 141, 144, 145, 148, 150, 152, 154, 155, 156, 157, 158, 159, 160, 161, 162, 165, 166, 168, 169, 170, 171, 172, 174, 175, 176, 177, 180, 181, 184, 192], "excluded_lines": [], "start_line": 1}}}, "src\\orchestrator\\backfill\\injectBackfill.py": {"executed_lines": [], "summary": {"covered_lines": 0, "num_statements": 109, "percent_covered": 0.0, "percent_covered_display": "0", "missing_lines": 109, "excluded_lines": 0, "percent_statements_covered": 0.0, "percent_statements_covered_display": "0"}, "missing_lines": [1, 2, 3, 4, 5, 6, 7, 8, 11, 12, 15, 18, 33, 37, 38, 39, 40, 41, 43, 51, 52, 54, 55, 56, 58, 59, 62, 63, 64, 67, 68, 69, 70, 71, 73, 74, 75, 76, 77, 78, 79, 80, 81, 82, 83, 84, 85, 86, 87, 88, 89, 91, 102, 105, 106, 107, 108, 109, 110, 111, 112, 113, 114, 115, 116, 117, 118, 119, 121, 122, 123, 124, 125, 126, 127, 128, 129, 130, 131, 132, 133, 134, 135, 137, 138, 139, 140, 142, 147, 148, 149, 150, 153, 154, 155, 156, 157, 158, 159, 161, 162, 163, 164, 166, 168, 169, 170, 171, 172], "excluded_lines": [], "functions": {"ticker_exists": {"executed_lines": [], "summary": {"covered_lines": 0, "num_statements": 5, "percent_covered": 0.0, "percent_covered_display": "0", "missing_lines": 5, "excluded_lines": 0, "percent_statements_covered": 0.0, "percent_statements_covered_display": "0"}, "missing_lines": [37, 38, 39, 40, 41], "excluded_lines": [], "start_line": 33}, "process_file": {"executed_lines": [], "summary": {"covered_lines": 0, "num_statements": 68, "percent_covered": 0.0, "percent_covered_display": "0", "missing_lines": 68, "excluded_lines": 0, "percent_statements_covered": 0.0, "percent_statements_covered_display": "0"}, "missing_lines": [51, 52, 54, 55, 56, 58, 59, 62, 63, 64, 67, 68, 69, 70, 71, 73, 74, 75, 76, 77, 78, 79, 80, 81, 82, 83, 84, 85, 86, 87, 88, 89, 91, 102, 105, 106, 107, 108, 109, 110, 111, 112, 113, 114, 115, 116, 117, 118, 119, 121, 122, 123, 124, 125, 126, 127, 128, 129, 130, 131, 132, 133, 134, 135, 137, 138, 139, 140], "excluded_lines": [], "start_line": 43}, "load_csv_files_to_db": {"executed_lines": [], "summary": {"covered_lines": 0, "num_statements": 15, "percent_covered": 0.0, "percent_covered_display": "0", "missing_lines": 15, "excluded_lines": 0, "percent_statements_covered": 0.0, "percent_statements_covered_display": "0"}, "missing_lines": [147, 148, 149, 150, 153, 154, 155, 156, 157, 158, 159, 161, 162, 163, 164], "excluded_lines": [], "start_line": 142}, "": {"executed_lines": [], "summary": {"covered_lines": 0, "num_statements": 21, "percent_covered": 0.0, "percent_covered_display": "0", "missing_lines": 21, "excluded_lines": 0, "percent_statements_covered": 0.0, "percent_statements_covered_display": "0"}, "missing_lines": [1, 2, 3, 4, 5, 6, 7, 8, 11, 12, 15, 18, 33, 43, 142, 166, 168, 169, 170, 171, 172], "excluded_lines": [], "start_line": 1}}, "classes": {"": {"executed_lines": [], "summary": {"covered_lines": 0, "num_statements": 109, 
[...]
story": {"executed_lines": [83, 84, 86, 87, 88, 89, 93, 94, 98, 99], "summary": {"covered_lines": 10, "num_statements": 14, "percent_covered": 71.42857142857143, "percent_covered_display": "71", "missing_lines": 4, "excluded_lines": 0, "percent_statements_covered": 71.42857142857143, "percent_statements_covered_display": "71"}, "missing_lines": [90, 91, 95, 96], "excluded_lines": [], "start_line": 82}, "AssetData.__repr__": {"executed_lines": [102, 104], "summary": {"covered_lines": 2, "num_statements": 3, "percent_covered": 66.66666666666667, "percent_covered_display": "67", "missing_lines": 1, "excluded_lines": 0, "percent_statements_covered": 66.66666666666667, "percent_statements_covered_display": "67"}, "missing_lines": [103], "excluded_lines": [], "start_line": 101}, "MarketData.__init__": {"executed_lines": [113, 114, 116, 118, 119, 120, 122, 123], "summary": {"covered_lines": 8, "num_statements": 8, "percent_covered": 100.0, "percent_covered_display": "100", "missing_lines": 0, "excluded_lines": 0, "percent_statements_covered": 100.0, "percent_statements_covered_display": "100"}, "missing_lines": [], "excluded_lines": [], "start_line": 112}, "MarketData.__getitem__": {"executed_lines": [126, 127, 129, 130, 131, 132], "summary": {"covered_lines": 6, "num_statements": 6, "percent_covered": 100.0, "percent_covered_display": "100", "missing_lines": 0, "excluded_lines": 0, "percent_statements_covered": 100.0, "percent_statements_covered_display": "100"}, "missing_lines": [], "excluded_lines": [], "start_line": 125}, "MarketData.__contains__": {"executed_lines": [135], "summary": {"covered_lines": 1, "num_statements": 1, "percent_covered": 100.0, "percent_covered_display": "100", "missing_lines": 0, "excluded_lines": 0, "percent_statements_covered": 100.0, "percent_statements_covered_display": "100"}, "missing_lines": [], "excluded_lines": [], "start_line": 134}, "PortfolioManager.__init__": {"executed_lines": [143, 144, 146, 147, 149], "summary": {"covered_lines": 5, "num_statements": 5, "percent_covered": 100.0, "percent_covered_display": "100", "missing_lines": 0, "excluded_lines": 0, "percent_statements_covered": 100.0, "percent_statements_covered_display": "100"}, "missing_lines": [], "excluded_lines": [], "start_line": 142}, "PortfolioManager.get_asset_value": {"executed_lines": [152, 153], "summary": {"covered_lines": 2, "num_statements": 2, "percent_covered": 100.0, "percent_covered_display": "100", "missing_lines": 0, "excluded_lines": 0, "percent_statements_covered": 100.0, "percent_statements_covered_display": "100"}, "missing_lines": [], "excluded_lines": [], "start_line": 151}, "PortfolioManager.get_asset_weight": {"executed_lines": [156, 157, 158, 159, 160], "summary": {"covered_lines": 5, "num_statements": 5, "percent_covered": 100.0, "percent_covered_display": "100", "missing_lines": 0, "excluded_lines": 0, "percent_statements_covered": 100.0, "percent_statements_covered_display": "100"}, "missing_lines": [], "excluded_lines": [], "start_line": 155}, "PortfolioManager.__repr__": {"executed_lines": [163], "summary": {"covered_lines": 1, "num_statements": 1, "percent_covered": 100.0, "percent_covered_display": "100", "missing_lines": 0, "excluded_lines": 0, "percent_statements_covered": 100.0, "percent_statements_covered_display": "100"}, "missing_lines": [], "excluded_lines": [], "start_line": 162}, "StrategyContext.__init__": {"executed_lines": [171, 172, 173, 174, 175, 176, 177, 178, 179, 183, 184, 187, 189, 190, 192], "summary": {"covered_lines": 15, "num_statements": 17, "percent_covered": 88.23529411764706, "percent_covered_display": "88", "missing_lines": 2, "excluded_lines": 0, "percent_statements_covered": 88.23529411764706, "percent_statements_covered_display": "88"}, "missing_lines": [180, 181], "excluded_lines": [], "start_line": 170}, "StrategyContext.buy": {"executed_lines": [199], "summary": {"covered_lines": 1, "num_statements": 1, "percent_covered": 100.0, "percent_covered_display": "100", "missing_lines": 0, "excluded_lines": 0, "percent_statements_covered": 100.0, "percent_statements_covered_display": "100"}, "missing_lines": [], "excluded_lines": [], "start_line": 198}, "StrategyContext.sell": {"executed_lines": [202], "summary": {"covered_lines": 1, "num_statements": 1, "percent_covered": 100.0, "percent_covered_display": "100", "missing_lines": 0, "excluded_lines": 0, "percent_statements_covered": 100.0, "percent_statements_covered_display": "100"}, "missing_lines": [], "excluded_lines": [], "start_line": 201}, "StrategyContext._trade": {"executed_lines": [205, 206, 207, 214, 216], "summary": {"covered_lines": 5, "num_statements": 5, "percent_covered": 100.0, "percent_covered_display": "100", "missing_lines": 0, "excluded_lines": 0, "percent_statements_covered": 100.0, "percent_statements_covered_display": "100"}, "missing_lines": [], "excluded_lines": [], "start_line": 204}, "": {"executed_lines": [2, 3, 4, 5, 7, 8, 17, 21, 72, 82, 101, 107, 112, 125, 134, 138, 142, 151, 155, 162, 166, 170, 198, 201, 204], "summary": {"covered_lines": 25, "num_statements": 32, "percent_covered": 78.125, "percent_covered_display": "78", "missing_lines": 7, "excluded_lines": 0, "percent_statements_covered": 78.125, "percent_statements_covered_display": "78"}, "missing_lines": [9, 10, 11, 12, 13, 14, 15], "excluded_lines": [], "start_line": 1}}, "classes": {"AssetData": {"executed_lines": [22, 23, 24, 26, 27, 28, 29, 31, 32, 33, 34, 39, 42, 43, 47, 48, 49, 50, 52, 54, 55, 56, 60, 61, 62, 63, 64, 65, 69, 70, 74, 75, 76, 77, 78, 79, 80, 83, 84, 86, 87, 88, 89, 93, 94, 98, 99, 102, 104], "summary": {"covered_lines": 49, "num_statements": 64, "percent_covered": 76.5625, "percent_covered_display": "77", "missing_lines": 15, "excluded_lines": 0, "percent_statements_covered": 76.5625, "percent_statements_covered_display": "77"}, "missing_lines": [35, 36, 40, 44, 45, 57, 58, 66, 67, 68, 90, 91, 95, 96, 103], "excluded_lines": [], "start_line": 17}, "MarketData": {"executed_lines": [113, 114, 116, 118, 119, 120, 122, 123, 126, 127, 129, 130, 131, 132, 135], "summary": {"covered_lines": 15, "num_statements": 15, "percent_covered": 100.0, "percent_covered_display": "100", "missing_lines": 0, "excluded_lines": 0, "percent_statements_covered": 100.0, "percent_statements_covered_display": "100"}, "missing_lines": [], "excluded_lines": [], "start_line": 107}, "PortfolioManager": {"executed_lines": [143, 144, 146, 147, 149, 152, 153, 156, 157, 158, 159, 160, 163], "summary": {"covered_lines": 13, "num_statements": 13, "percent_covered": 100.0, "percent_covered_display": "100", "missing_lines": 0, "excluded_lines": 0, "percent_statements_covered": 100.0, "percent_statements_covered_display": "100"}, "missing_lines": [], "excluded_lines": [], "start_line": 138}, "StrategyContext": {"executed_lines": [171, 172, 173, 174, 175, 176, 177, 178, 179, 183, 184, 187, 189, 190, 192, 199, 202, 205, 206, 207, 214, 216], "summary": {"covered_lines": 22, "num_statements": 24, "percent_covered": 91.66666666666667, "percent_covered_display": "92", "missing_lines": 2, "excluded_lines": 0, "percent_statements_covered": 91.66666666666667, "percent_statements_covered_display": "92"}, "missing_lines": [180, 181], "excluded_lines": [], "start_line": 166}, "": {"executed_lines": [2, 3, 4, 5, 7, 8, 17, 21, 72, 82, 101, 107, 112, 125, 134, 138, 142, 151, 155, 162, 166, 170, 198, 201, 204], "summary": {"covered_lines": 25, "num_statements": 32, "percent_covered": 78.125, "percent_covered_display": "78", "missing_lines": 7, "excluded_lines": 0, "percent_statements_covered": 78.125, "percent_statements_covered_display": "78"}, "missing_lines": [9, 10, 11, 12, 13, 14, 15], "excluded_lines": [], "start_line": 1}}}, "src\\portfolios\\toolkit.py": {"executed_lines": [3, 4, 5, 7, 8, 9, 21, 24, 42, 59, 60], "summary": {"covered_lines": 11, "num_statements": 25, "percent_covered": 44.0, "percent_covered_display": "44", "missing_lines": 14, "excluded_lines": 0, "percent_statements_covered": 44.0, "percent_statements_covered_display": "44"}, "missing_lines": [22, 34, 35, 37, 54, 55, 57, 62, 63, 64, 65, 66, 67, 68], "excluded_lines": [], "functions": {"QuantToolkitAccessor.__init__": {"executed_lines": [], "summary": {"covered_lines": 0, "num_statements": 1, "percent_covered": 0.0, "percent_covered_display": "0", "missing_lines": 1, "excluded_lines": 0, "percent_statements_covered": 0.0, "percent_statements_covered_display": "0"}, "missing_lines": [22], "excluded_lines": [], "start_line": 21}, "QuantToolkitAccessor.gaussian_smooth": {"executed_lines": [], "summary": {"covered_lines": 0, "num_statements": 3, "percent_covered": 0.0, "percent_covered_display": "0", "missing_lines": 3, "excluded_lines": 0, "percent_statements_covered": 0.0, "percent_statements_covered_display": "0"}, "missing_lines": [34, 35, 37], "excluded_lines": [], "start_line": 24}, "QuantToolkitAccessor.winsorize": {"executed_lines": [], "summary": {"covered_lines": 0, "num_statements": 3, "percent_covered": 0.0, "percent_covered_display": "0", "missing_lines": 3, "excluded_lines": 0, "percent_statements_covered": 0.0, "percent_statements_covered_display": "0"}, "missing_lines": [54, 55, 57], "excluded_lines": [], "start_line": 42}, "QuantToolkitAccessor._winsorize_series": {"executed_lines": [], "summary": {"covered_lines": 0, "num_statements": 7, "percent_covered": 0.0, "percent_covered_display": "0", "missing_lines": 7, "excluded_lines": 0, "percent_statements_covered": 0.0, "percent_statements_covered_display": "0"}, "missing_lines": [62, 63, 64, 65, 66, 67, 68], "excluded_lines": [], "start_line": 60}, "": {"executed_lines": [3, 4, 5, 7, 8, 9, 21, 24, 42, 59, 60], "summary": {"covered_lines": 11, "num_statements": 11, "percent_covered": 100.0, "percent_covered_display": "100", "missing_lines": 0, "excluded_lines": 0, "percent_statements_covered": 100.0, "percent_statements_covered_display": "100"}, "missing_lines": [], "excluded_lines": [], "start_line": 1}}, "classes": {"QuantToolkitAccessor": {"executed_lines": [], "summary": {"covered_lines": 0, "num_statements": 14, "percent_covered": 0.0, "percent_covered_display": "0", "missing_lines": 14, "excluded_lines": 0, "percent_statements_covered": 0.0, "percent_statements_covered_display": "0"}, "missing_lines": [22, 34, 35, 37, 54, 55, 57, 62, 63, 64, 65, 66, 67, 68], "excluded_lines": [], "start_line": 9}, "": {"executed_lines": [3, 4, 5, 7, 8, 9, 21, 24, 42, 59, 60], "summary": {"covered_lines": 11, "num_statements": 11, "percent_covered": 100.0, "percent_covered_display": "100", "missing_lines": 0, "excluded_lines": 0, "percent_statements_covered": 100.0, "percent_statements_covered_display": "100"}, "missing_lines": [], "excluded_lines": [], "start_line": 1}}}, "src\\risk_manager\\__init__.py": {"executed_lines": [], "summary": {"covered_lines": 0, "num_statements": 0, "percent_covered": 100.0, "percent_covered_display": "100", "missing_lines": 0, "excluded_lines": 0, "percent_statements_covered": 100.0, "percent_statements_covered_display": "100"}, "missing_lines": [], "excluded_lines": [], "functions": {"": {"executed_lines": [], "summary": {"covered_lines": 0, "num_statements": 0, "percent_covered": 100.0, "percent_covered_display": "100", "missing_lines": 0, "excluded_lines": 0, "percent_statements_covered": 100.0, "percent_statements_covered_display": "100"}, "missing_lines": [], "excluded_lines": [], "start_line": 1}}, "classes": {"": {"executed_lines": [], "summary": {"covered_lines": 0, "num_statements": 0, "percent_covered": 100.0, "percent_covered_display": "100", "missing_lines": 0, "excluded_lines": 0, "percent_statements_covered": 100.0, "percent_statements_covered_display": "100"}, "missing_lines": [], "excluded_lines": [], "start_line": 1}}}, "src\\risk_manager\\daily_allocator.py": {"executed_lines": [], "summary": {"covered_lines": 0, "num_statements": 145, "percent_covered": 0.0, "percent_covered_display": "0", "missing_lines": 145, "excluded_lines": 0, "percent_statements_covered": 0.0, "percent_statements_covered_display": "0"}, "missing_lines": [1, 2, 3, 4, 5, 6, 7, 10, 11, 13, 14, 17, 18, 20, 21, 22, 23, 24, 25, 26, 27, 28, 29, 30, 31, 32, 33, 34, 35, 36, 38, 40, 41, 43, 44, 45, 47, 49, 51, 52, 54, 55, 57, 58, 59, 61, 63, 64, 65, 66, 67, 69, 70, 71, 72, 73, 75, 76, 78, 83, 85, 89, 90, 93, 94, 96, 103, 110, 111, 112, 114, 116, 118, 119, 120, 121, 123, 124, 126, 127, 128, 130, 131, 132, 133, 134, 135, 137, 138, 145, 149, 150, 151, 152, 153, 155, 157, 159, 161, 163, 164, 165, 166, 167, 168, 169, 170, 171, 173, 174, 176, 177, 178, 179, 180, 181, 182, 183, 184, 185, 187, 188, 189, 191, 192, 193, 194, 195, 196, 198, 199, 200, 201, 202, 204, 205, 206, 207, 208, 210, 213, 215, 217, 219, 221], "excluded_lines": [], "functions": {"DailyAllocator.__init__": {"executed_lines": [], "summary": {"covered_lines": 0, "num_statements": 15, "percent_covered": 0.0, "percent_covered_display": "0", "missing_lines": 15, "excluded_lines": 0, "percent_statements_covered": 0.0, "percent_statements_covered_display": "0"}, "missing_lines": [22, 23, 24, 25, 26, 27, 28, 29, 30, 31, 32, 33, 34, 35, 36], "excluded_lines": [], "start_line": 21}, "DailyAllocator._get_current_cash": {"executed_lines": [], "summary": {"covered_lines": 0, "num_statements": 6, "percent_covered": 0.0, "percent_covered_display": "0", "missing_lines": 6, "excluded_lines": 0, "percent_statements_covered": 0.0, "percent_statements_covered_display": "0"}, "missing_lines": [40, 41, 43, 44, 45, 47], "excluded_lines": [], "start_line": 38}, "DailyAllocator._get_positions_value": {"executed_lines": [], "summary": {"covered_lines": 0, "num_statements": 22, "percent_covered": 0.0, "percent_covered_display": "0", "missing_lines": 22, "excluded_lines": 0, "percent_statements_covered": 0.0, "percent_statements_covered_display": "0"}, "missing_lines": [51, 52, 54, 55, 57, 58, 59, 61, 63, 64, 65, 66, 67, 69, 70, 71, 72, 73, 75, 76, 78, 83], "excluded_lines": [], "start_line": 49}, "DailyAllocator._execute_internal_transfer": {"executed_lines": [], "summary": {"covered_lines": 0, "num_statements": 10, "percent_covered": 0.0, "percent_covered_display": "0", "missing_lines": 10, "excluded_lines": 0, "percent_statements_covered": 0.0, "percent_statements_covered_display": "0"}, "missing_lines": [89, 90, 93, 94, 96, 103, 110, 111, 112, 114], "excluded_lines": [], "start_line": 85}, "DailyAllocator.initialize_new_portfolios": {"executed_lines": [], "summary": {"covered_lines": 0, "num_statements": 24, "percent_covered": 0.0, "percent_covered_display": "0", "missing_lines": 24, "excluded_lines": 0, "percent_statements_covered": 0.0, "percent_statements_covered_display": "0"}, "missing_lines": [118, 119, 120, 121, 123, 124, 126, 127, 128, 130, 131, 132, 133, 134, 135, 137, 138, 145, 149, 150, 151, 152, 153, 155], "excluded_lines": [], "start_line": 116}, "DailyAllocator.run_allocation": {"executed_lines": [], "summary": {"covered_lines": 0, "num_statements": 43, "percent_covered": 0.0, "percent_covered_display": "0", "missing_lines": 43, "excluded_lines": 0, "percent_statements_covered": 0.0, "percent_statements_covered_display": "0"}, "missing_lines": [159, 161, 163, 164, 165, 166, 167, 168, 169, 170, 171, 173, 174, 176, 177, 178, 179, 180, 181, 182, 183, 184, 185, 187, 188, 189, 191, 192, 193, 194, 195, 196, 198, 199, 200, 201, 202, 204, 205, 206, 207, 208, 210], "excluded_lines": [], "start_line": 157}, "": {"executed_lines": [], "summary": {"covered_lines": 0, "num_statements": 25, "percent_covered": 0.0, "percent_covered_display": "0", "missing_lines": 25, "excluded_lines": 0, "percent_statements_covered": 0.0, "percent_statements_covered_display": "0"}, "missing_lines": [1, 2, 3, 4, 5, 6, 7, 10, 11, 13, 14, 17, 18, 20, 21, 38, 49, 85, 116, 157, 213, 215, 217, 219, 221], "excluded_lines": [], "start_line": 1}}, "classes": {"DailyAllocator": {"executed_lines": [], "summary": {"covered_lines": 0, "num_statements": 120, "percent_covered": 0.0, "percent_covered_display": "0", "missing_lines": 120, "excluded_lines": 0, "percent_statements_covered": 0.0, "percent_statements_covered_display": "0"}, "missing_lines": [22, 23, 24, 25, 26, 27, 28, 29, 30, 31, 32, 33, 34, 35, 36, 40, 41, 43, 44, 45, 47, 51, 52, 54, 55, 57, 58, 59, 61, 63, 64, 65, 66, 67, 69, 70, 71, 72, 73, 75, 76, 78, 83, 89, 90, 93, 94, 96, 103, 110, 111, 112, 114, 118, 119, 120, 121, 123, 124, 126, 127, 128, 130, 131, 132, 133, 134, 135, 137, 138, 145, 149, 150, 151, 152, 153, 155, 159, 161, 163, 164, 165, 166, 167, 168, 169, 170, 171, 173, 174, 176, 177, 178, 179, 180, 181, 182, 183, 184, 185, 187, 188, 189, 191, 192, 193, 194, 195, 196, 198, 199, 200, 201, 202, 204, 205, 206, 207, 208, 210], "excluded_lines": [], "start_line": 20}, "": {"executed_lines": [], "summary": {"covered_lines": 0, "num_statements": 25, "percent_covered": 0.0, "percent_covered_display": "0", "missing_lines": 25, "excluded_lines": 0, "percent_statements_covered": 0.0, "percent_statements_covered_display": "0"}, "missing_lines": [1, 2, 3, 4, 5, 6, 7, 10, 11, 13, 14, 17, 18, 20, 21, 38, 49, 85, 116, 157, 213, 215, 217, 219, 221], "excluded_lines": [], "start_line": 1}}}, "src\\risk_manager\\manage_capital.py": {"executed_lines": [], "summary": {"covered_lines": 0, "num_statements": 74, "percent_covered": 0.0, "percent_covered_display": "0", "missing_lines": 74, "excluded_lines": 0, "percent_statements_covered": 0.0, "percent_statements_covered_display": "0"}, "missing_lines": [3, 4, 5, 6, 7, 8, 11, 12, 14, 17, 18, 21, 22, 23, 24, 26, 28, 34, 35, 36, 37, 38, 39, 40, 41, 44, 46, 47, 48, 49, 51, 52, 53, 54, 55, 56, 58, 59, 61, 62, 63, 65, 66, 67, 68, 69, 72, 73, 75, 81, 85, 86, 88, 92, 93, 94, 96, 97, 99, 100, 101, 102, 104, 105, 108, 110, 111, 113, 116, 118, 119, 120, 122, 123], "excluded_lines": [], "functions": {"get_current_cash": {"executed_lines": [], "summary": {"covered_lines": 0, "num_statements": 9, "percent_covered": 0.0, "percent_covered_display": "0", "missing_lines": 9, "excluded_lines": 0, "percent_statements_covered": 0.0, "percent_statements_covered_display": "0"}, "missing_lines": [28, 34, 35, 36, 37, 38, 39, 40, 41], "excluded_lines": [], "start_line": 26}, "update_capital": {"executed_lines": [], "summary": {"covered_lines": 0, "num_statements": 38, "percent_covered": 0.0, "percent_covered_display": "0", "missing_lines": 38, "excluded_lines": 0, "percent_statements_covered": 0.0, "percent_statements_covered_display": "0"}, "missing_lines": [46, 47, 48, 49, 51, 52, 53, 54, 55, 56, 58, 59, 61, 62, 63, 65, 66, 67, 68, 69, 72, 73, 75, 81, 85, 86, 88, 92, 93, 94, 96, 97, 99, 100, 101, 102, 104, 105], "excluded_lines": [], "start_line": 44}, "": {"executed_lines": [], "summary": {"covered_lines": 0, "num_statements": 27, "percent_covered": 0.0, "percent_covered_display": "0", "missing_lines": 27, "excluded_lines": 0, "percent_statements_covered": 0.0, "percent_statements_covered_display": "0"}, "missing_lines": [3, 4, 5, 6, 7, 8, 11, 12, 14, 17, 18, 21, 22, 23, 24, 26, 44, 108, 110, 111, 113, 116, 118, 119, 120, 122, 123], "excluded_lines": [], "start_line": 1}}, "classes": {"": {"executed_lines": [], "summary": {"covered_lines": 0, "num_statements": 74, "percent_covered": 0.0, "percent_covered_display": "0", "missing_lines": 74, "excluded_lines": 0, "percent_statements_covered": 0.0, "percent_statements_covered_display": "0"}, "missing_lines": [3, 4, 5, 6, 7, 8, 11, 12, 14, 17, 18, 21, 22, 23, 24, 26, 28, 34, 35, 36, 37, 38, 39, 40, 41, 44, 46, 47, 48, 49, 51, 52, 53, 54, 55, 56, 58, 59, 61, 62, 63, 65, 66, 67, 68, 69, 72, 73, 75, 81, 85, 86, 88, 92, 93, 94, 96, 97, 99, 100, 101, 102, 104, 105, 108, 110, 111, 113, 116, 118, 119, 120, 122, 123], "excluded_lines": [], "start_line": 1}}}}, "totals": {"covered_lines": 1061, "num_statements": 3200, "percent_covered": 33.15625, "percent_covered_display": "33", "missing_lines": 2139, "excluded_lines": 0, "percent_statements_covered": 33.15625, "percent_statements_covered_display": "33"}}